2025-01-29 14:22:35 error: ApiServiceFile.getBallance =>  Cannot read properties of undefined (reading 'chain')
2025-01-29 14:22:35 error: [GET] /api/spot/list >> StatusCode:: 505, Message:: Echec de la requete API
2025-01-29 14:23:05 error: ApiServiceFile.getBallance =>  Cannot read properties of undefined (reading 'chains')
2025-01-29 14:23:05 error: [GET] /api/spot/list >> StatusCode:: 505, Message:: Echec de la requete API
2025-01-29 14:23:22 error: ApiServiceFile.getBallance =>  Cannot read properties of undefined (reading 'chains')
2025-01-29 14:23:22 error: [GET] /api/spot/list >> StatusCode:: 505, Message:: Echec de la requete API
2025-01-29 14:23:39 error: ApiServiceFile.getBallance =>  Cannot read properties of undefined (reading 'chains')
2025-01-29 14:23:39 error: [GET] /api/spot/list >> StatusCode:: 505, Message:: Echec de la requete API
2025-01-29 14:24:06 error: ApiServiceFile.getBallance =>  Cannot read properties of undefined (reading 'chain')
2025-01-29 14:24:06 error: [GET] /api/spot/list >> StatusCode:: 505, Message:: Echec de la requete API
2025-01-29 14:24:23 error: ApiServiceFile.getBallance =>  Cannot read properties of undefined (reading 'chain')
2025-01-29 14:24:23 error: [GET] /api/spot/list >> StatusCode:: 505, Message:: Echec de la requete API
2025-01-29 14:25:20 error: ApiServiceFile.getBallance =>  Cannot read properties of undefined (reading 'chain')
2025-01-29 14:25:20 error: [GET] /api/spot/list >> StatusCode:: 505, Message:: Echec de la requete API
2025-01-29 14:26:52 error: ApiServiceFile.getBallance =>  Cannot read properties of undefined (reading 'chain')
2025-01-29 14:26:52 error: [GET] /api/spot/list >> StatusCode:: 505, Message:: Echec de la requete API
2025-01-29 14:27:22 error: ApiServiceFile.getBallance =>  Cannot read properties of undefined (reading 'chain')
2025-01-29 14:27:22 error: [GET] /api/spot/list >> StatusCode:: 505, Message:: Echec de la requete API
2025-01-29 14:27:46 error: ApiServiceFile.getBallance =>  Cannot read properties of undefined (reading 'chain')
2025-01-29 14:27:46 error: [GET] /api/spot/list >> StatusCode:: 505, Message:: Echec de la requete API
2025-01-29 14:28:36 error: ApiServiceFile.getBallance =>  Cannot read properties of undefined (reading 'chain')
2025-01-29 14:28:36 error: [GET] /api/spot/list >> StatusCode:: 505, Message:: Echec de la requete API
2025-01-29 16:26:34 error: uncaughtException: тип Unable to compile TypeScript:
[96msrc/services/spot.ts[0m:[93m17[0m:[93m42[0m - [91merror[0m[90m TS1003: [0mIdentifier expected.

[7m17[0m       console.log(symbolList.find(v => v.));
[7m  [0m [91m                                         ~[0m

TSError: тип Unable to compile TypeScript:
[96msrc/services/spot.ts[0m:[93m17[0m:[93m42[0m - [91merror[0m[90m TS1003: [0mIdentifier expected.

[7m17[0m       console.log(symbolList.find(v => v.));
[7m  [0m [91m                                         ~[0m

    at createTSError (C:\Users\alexa\CodeVStudio\investiX\node_modules\ts-node\src\index.ts:859:12)
    at reportTSError (C:\Users\alexa\CodeVStudio\investiX\node_modules\ts-node\src\index.ts:863:19)
    at C:\Users\alexa\CodeVStudio\investiX\node_modules\ts-node\src\index.ts:1379:34
    at Object.compile (C:\Users\alexa\CodeVStudio\investiX\node_modules\ts-node\src\index.ts:1458:13)
    at Module.m._compile (C:\Users\alexa\CodeVStudio\investiX\node_modules\ts-node\src\index.ts:1617:30)
    at Module._extensions..js (node:internal/modules/cjs/loader:1416:10)
    at Object.require.extensions.<computed> [as .ts] (C:\Users\alexa\CodeVStudio\investiX\node_modules\ts-node\src\index.ts:1621:12)
    at Module.load (node:internal/modules/cjs/loader:1208:32)
    at Function.Module._load (node:internal/modules/cjs/loader:1024:12)
    at Module.require (node:internal/modules/cjs/loader:1233:19)
2025-01-29 16:35:59 error: AuthControllerFile.register =>  [C0005] Invalid provided chain, value must be a positive number, or a hex-string starting with '0x'
2025-01-29 16:35:59 error: [GET] /api/spot/list >> StatusCode:: 500, Message:: [C0005] Invalid provided chain, value must be a positive number, or a hex-string starting with '0x'
2025-01-29 18:04:39 error: AuthControllerFile.register =>  [C0005] Invalid provided chain, value must be a positive number, or a hex-string starting with '0x'
2025-01-29 18:04:39 error: [GET] /api/spot/list >> StatusCode:: 500, Message:: [C0005] Invalid provided chain, value must be a positive number, or a hex-string starting with '0x'
2025-01-29 18:07:08 error: uncaughtException: Identifier 'chain' has already been declared
C:\Users\alexa\CodeVStudio\investiX\src\services\tokens.ts:13
        const chain = common_evm_utils_1.EvmChain.ETHEREUM;
              ^

SyntaxError: Identifier 'chain' has already been declared
    at wrapSafe (node:internal/modules/cjs/loader:1281:20)
    at Module._compile (node:internal/modules/cjs/loader:1321:27)
    at Module.m._compile (C:\Users\alexa\CodeVStudio\investiX\node_modules\ts-node\src\index.ts:1618:23)
    at Module._extensions..js (node:internal/modules/cjs/loader:1416:10)
    at Object.require.extensions.<computed> [as .ts] (C:\Users\alexa\CodeVStudio\investiX\node_modules\ts-node\src\index.ts:1621:12)
    at Module.load (node:internal/modules/cjs/loader:1208:32)
    at Function.Module._load (node:internal/modules/cjs/loader:1024:12)
    at Module.require (node:internal/modules/cjs/loader:1233:19)
    at require (node:internal/modules/helpers:179:18)
    at Object.<anonymous> (C:\Users\alexa\CodeVStudio\investiX\src\controllers\spot.ts:3:1)
2025-01-29 18:08:10 error: uncaughtException: Identifier 'chain' has already been declared
C:\Users\alexa\CodeVStudio\investiX\src\services\tokens.ts:13
        const chain = common_evm_utils_1.EvmChain.ETHEREUM;
              ^

SyntaxError: Identifier 'chain' has already been declared
    at wrapSafe (node:internal/modules/cjs/loader:1281:20)
    at Module._compile (node:internal/modules/cjs/loader:1321:27)
    at Module.m._compile (C:\Users\alexa\CodeVStudio\investiX\node_modules\ts-node\src\index.ts:1618:23)
    at Module._extensions..js (node:internal/modules/cjs/loader:1416:10)
    at Object.require.extensions.<computed> [as .ts] (C:\Users\alexa\CodeVStudio\investiX\node_modules\ts-node\src\index.ts:1621:12)
    at Module.load (node:internal/modules/cjs/loader:1208:32)
    at Function.Module._load (node:internal/modules/cjs/loader:1024:12)
    at Module.require (node:internal/modules/cjs/loader:1233:19)
    at require (node:internal/modules/helpers:179:18)
    at Object.<anonymous> (C:\Users\alexa\CodeVStudio\investiX\src\controllers\spot.ts:3:1)
2025-01-29 18:08:27 error: uncaughtException: Identifier 'chain' has already been declared
C:\Users\alexa\CodeVStudio\investiX\src\services\tokens.ts:13
        const chain = common_evm_utils_1.EvmChain.ETHEREUM;
              ^

SyntaxError: Identifier 'chain' has already been declared
    at wrapSafe (node:internal/modules/cjs/loader:1281:20)
    at Module._compile (node:internal/modules/cjs/loader:1321:27)
    at Module.m._compile (C:\Users\alexa\CodeVStudio\investiX\node_modules\ts-node\src\index.ts:1618:23)
    at Module._extensions..js (node:internal/modules/cjs/loader:1416:10)
    at Object.require.extensions.<computed> [as .ts] (C:\Users\alexa\CodeVStudio\investiX\node_modules\ts-node\src\index.ts:1621:12)
    at Module.load (node:internal/modules/cjs/loader:1208:32)
    at Function.Module._load (node:internal/modules/cjs/loader:1024:12)
    at Module.require (node:internal/modules/cjs/loader:1233:19)
    at require (node:internal/modules/helpers:179:18)
    at Object.<anonymous> (C:\Users\alexa\CodeVStudio\investiX\src\controllers\spot.ts:3:1)
2025-01-29 18:13:36 error: AuthControllerFile.register =>  [C0006] Request failed, Bad Request(400): chain must be a valid enum value
2025-01-29 18:13:36 error: [GET] /api/spot/list >> StatusCode:: 500, Message:: [C0006] Request failed, Bad Request(400): chain must be a valid enum value
2025-01-29 18:17:11 error: AuthControllerFile.register =>  [C0006] Request failed, Internal Server Error(500): Unknown error occurred. Please try again or contact support.
2025-01-29 18:17:11 error: [GET] /api/spot/list >> StatusCode:: 500, Message:: [C0006] Request failed, Internal Server Error(500): Unknown error occurred. Please try again or contact support.
2025-01-29 18:17:17 error: AuthControllerFile.register =>  [C0009] Modules are started already. This method should be called only one time.
2025-01-29 18:17:17 error: [GET] /api/spot/list >> StatusCode:: 500, Message:: [C0009] Modules are started already. This method should be called only one time.
2025-01-29 18:18:21 error: AuthControllerFile.spotList =>  [C0006] Request failed: timeout of 20000ms exceeded
2025-01-29 18:18:21 error: [GET] /api/spot/list >> StatusCode:: 500, Message:: [C0006] Request failed: timeout of 20000ms exceeded
2025-01-29 18:21:27 error: AuthControllerFile.spotList =>  [C0006] Request failed, Internal Server Error(500): Unknown error occurred. Please try again or contact support.
2025-01-29 18:21:27 error: [GET] /api/spot/list >> StatusCode:: 500, Message:: [C0006] Request failed, Internal Server Error(500): Unknown error occurred. Please try again or contact support.
2025-01-29 18:25:17 error: AuthControllerFile.spotList =>  [C0006] Request failed: timeout of 20000ms exceeded
2025-01-29 18:25:17 error: [GET] /api/spot/list >> StatusCode:: 500, Message:: [C0006] Request failed: timeout of 20000ms exceeded
2025-01-29 19:48:34 error: AuthControllerFile.spotList =>  [C0005] Invalid provided chain, value must be a positive number, or a hex-string starting with '0x'
2025-01-29 19:48:34 error: [GET] /api/spot/list >> StatusCode:: 500, Message:: [C0005] Invalid provided chain, value must be a positive number, or a hex-string starting with '0x'
2025-01-29 19:48:44 error: AuthControllerFile.spotList =>  [C0005] Invalid provided chain, value must be a positive number, or a hex-string starting with '0x'
2025-01-29 19:48:44 error: [GET] /api/spot/list >> StatusCode:: 500, Message:: [C0005] Invalid provided chain, value must be a positive number, or a hex-string starting with '0x'
2025-01-29 19:53:28 error: uncaughtException: тип Unable to compile TypeScript:
[96msrc/controllers/spot.ts[0m:[93m31[0m:[93m70[0m - [91merror[0m[90m TS1003: [0mIdentifier expected.

[7m31[0m         acc[item.chain].push({symbol: item.shortName, contract: item.});
[7m  [0m [91m                                                                     ~[0m

TSError: тип Unable to compile TypeScript:
[96msrc/controllers/spot.ts[0m:[93m31[0m:[93m70[0m - [91merror[0m[90m TS1003: [0mIdentifier expected.

[7m31[0m         acc[item.chain].push({symbol: item.shortName, contract: item.});
[7m  [0m [91m                                                                     ~[0m

    at createTSError (C:\Users\alexa\CodeVStudio\investiX\node_modules\ts-node\src\index.ts:859:12)
    at reportTSError (C:\Users\alexa\CodeVStudio\investiX\node_modules\ts-node\src\index.ts:863:19)
    at C:\Users\alexa\CodeVStudio\investiX\node_modules\ts-node\src\index.ts:1379:34
    at Object.compile (C:\Users\alexa\CodeVStudio\investiX\node_modules\ts-node\src\index.ts:1458:13)
    at Module.m._compile (C:\Users\alexa\CodeVStudio\investiX\node_modules\ts-node\src\index.ts:1617:30)
    at Module._extensions..js (node:internal/modules/cjs/loader:1416:10)
    at Object.require.extensions.<computed> [as .ts] (C:\Users\alexa\CodeVStudio\investiX\node_modules\ts-node\src\index.ts:1621:12)
    at Module.load (node:internal/modules/cjs/loader:1208:32)
    at Function.Module._load (node:internal/modules/cjs/loader:1024:12)
    at Module.require (node:internal/modules/cjs/loader:1233:19)
2025-01-29 19:53:35 error: ApiServiceFile.getBallance =>  data.find is not a function
2025-01-29 19:53:35 error: [GET] /api/spot/list >> StatusCode:: 505, Message:: Echec de la requete API
2025-01-29 19:53:45 error: ApiServiceFile.getBallance =>  data.find is not a function
2025-01-29 19:53:45 error: [GET] /api/spot/list >> StatusCode:: 505, Message:: Echec de la requete API
2025-01-29 19:56:18 error: uncaughtException: тип Unable to compile TypeScript:
[96msrc/services/tokens.ts[0m:[93m17[0m:[93m25[0m - [91merror[0m[90m TS1003: [0mIdentifier expected.

[7m17[0m         chain: EvmChain.,
[7m  [0m [91m                        ~[0m

TSError: тип Unable to compile TypeScript:
[96msrc/services/tokens.ts[0m:[93m17[0m:[93m25[0m - [91merror[0m[90m TS1003: [0mIdentifier expected.

[7m17[0m         chain: EvmChain.,
[7m  [0m [91m                        ~[0m

    at createTSError (C:\Users\alexa\CodeVStudio\investiX\node_modules\ts-node\src\index.ts:859:12)
    at reportTSError (C:\Users\alexa\CodeVStudio\investiX\node_modules\ts-node\src\index.ts:863:19)
    at C:\Users\alexa\CodeVStudio\investiX\node_modules\ts-node\src\index.ts:1379:34
    at Object.compile (C:\Users\alexa\CodeVStudio\investiX\node_modules\ts-node\src\index.ts:1458:13)
    at Module.m._compile (C:\Users\alexa\CodeVStudio\investiX\node_modules\ts-node\src\index.ts:1617:30)
    at Module._extensions..js (node:internal/modules/cjs/loader:1416:10)
    at Object.require.extensions.<computed> [as .ts] (C:\Users\alexa\CodeVStudio\investiX\node_modules\ts-node\src\index.ts:1621:12)
    at Module.load (node:internal/modules/cjs/loader:1208:32)
    at Function.Module._load (node:internal/modules/cjs/loader:1024:12)
    at Module.require (node:internal/modules/cjs/loader:1233:19)
