2025-03-30 14:01:29 error: uncaughtException: TestControllerFile is not defined
ReferenceError: TestControllerFile is not defined
    at Object.<anonymous> (C:\Users\alexa\CodeVStudio\starter\template\server\src\routes\user.ts:12:33)
    at Module._compile (node:internal/modules/cjs/loader:1358:14)
    at Module.m._compile (C:\Users\alexa\CodeVStudio\starter\template\server\node_modules\ts-node\src\index.ts:1618:23)
    at Module._extensions..js (node:internal/modules/cjs/loader:1416:10)
    at Object.require.extensions.<computed> [as .ts] (C:\Users\alexa\CodeVStudio\starter\template\server\node_modules\ts-node\src\index.ts:1621:12)
    at Module.load (node:internal/modules/cjs/loader:1208:32)
    at Function.Module._load (node:internal/modules/cjs/loader:1024:12)
    at Module.require (node:internal/modules/cjs/loader:1233:19)
    at require (node:internal/modules/helpers:179:18)
    at Object.<anonymous> (C:\Users\alexa\CodeVStudio\starter\template\server\src\routes\index.ts:4:1)
2025-03-30 14:01:53 error: uncaughtException: user_1.UserRouter is not a constructor
TypeError: user_1.UserRouter is not a constructor
    at App.initializeRoutes (C:\Users\alexa\CodeVStudio\starter\template\server\src\routes\index.ts:15:30)
    at App.initializeAppRoutes (C:\Users\alexa\CodeVStudio\starter\template\server\src\server\config.ts:105:11)
    at App.initialize (C:\Users\alexa\CodeVStudio\starter\template\server\src\server\config.ts:47:10)
    at start (C:\Users\alexa\CodeVStudio\starter\template\server\src\server\index.ts:4:13)
    at Object.<anonymous> (C:\Users\alexa\CodeVStudio\starter\template\server\src\server\index.ts:7:1)
    at Module._compile (node:internal/modules/cjs/loader:1358:14)
    at Module.m._compile (C:\Users\alexa\CodeVStudio\starter\template\server\node_modules\ts-node\src\index.ts:1618:23)
    at Module._extensions..js (node:internal/modules/cjs/loader:1416:10)
    at Object.require.extensions.<computed> [as .ts] (C:\Users\alexa\CodeVStudio\starter\template\server\node_modules\ts-node\src\index.ts:1621:12)
    at Module.load (node:internal/modules/cjs/loader:1208:32)
