2025-03-26 09:36:59 error: uncaughtException: Cannot find module './margin'
Require stack:
- C:\Users\alexa\OneDrive\CodeVStudio\template\server\src\routes\index.ts
- C:\Users\alexa\OneDrive\CodeVStudio\template\server\src\server\config.ts
- C:\Users\alexa\OneDrive\CodeVStudio\template\server\src\server\index.ts
Error: Cannot find module './margin'
Require stack:
- C:\Users\alexa\OneDrive\CodeVStudio\template\server\src\routes\index.ts
- C:\Users\alexa\OneDrive\CodeVStudio\template\server\src\server\config.ts
- C:\Users\alexa\OneDrive\CodeVStudio\template\server\src\server\index.ts
    at Function.Module._resolveFilename (node:internal/modules/cjs/loader:1145:15)
    at Function.Module._resolveFilename.sharedData.moduleResolveFilenameHook.installedValue (C:\Users\alexa\OneDrive\CodeVStudio\template\server\node_modules\@cspotcode\source-map-support\source-map-support.js:811:30)
    at Function.Module._resolveFilename (C:\Users\alexa\OneDrive\CodeVStudio\template\server\node_modules\tsconfig-paths\src\register.ts:115:36)
    at Function.Module._load (node:internal/modules/cjs/loader:986:27)
    at Module.require (node:internal/modules/cjs/loader:1233:19)
    at require (node:internal/modules/helpers:179:18)
    at Object.<anonymous> (C:\Users\alexa\OneDrive\CodeVStudio\template\server\src\routes\index.ts:5:1)
    at Module._compile (node:internal/modules/cjs/loader:1358:14)
    at Module.m._compile (C:\Users\alexa\OneDrive\CodeVStudio\template\server\node_modules\ts-node\src\index.ts:1618:23)
    at Module._extensions..js (node:internal/modules/cjs/loader:1416:10)
2025-03-26 09:37:42 error: uncaughtException: Cannot find module './margin'
Require stack:
- C:\Users\alexa\OneDrive\CodeVStudio\template\server\src\routes\index.ts
- C:\Users\alexa\OneDrive\CodeVStudio\template\server\src\server\config.ts
- C:\Users\alexa\OneDrive\CodeVStudio\template\server\src\server\index.ts
Error: Cannot find module './margin'
Require stack:
- C:\Users\alexa\OneDrive\CodeVStudio\template\server\src\routes\index.ts
- C:\Users\alexa\OneDrive\CodeVStudio\template\server\src\server\config.ts
- C:\Users\alexa\OneDrive\CodeVStudio\template\server\src\server\index.ts
    at Function.Module._resolveFilename (node:internal/modules/cjs/loader:1145:15)
    at Function.Module._resolveFilename.sharedData.moduleResolveFilenameHook.installedValue (C:\Users\alexa\OneDrive\CodeVStudio\template\server\node_modules\@cspotcode\source-map-support\source-map-support.js:811:30)
    at Function.Module._resolveFilename (C:\Users\alexa\OneDrive\CodeVStudio\template\server\node_modules\tsconfig-paths\src\register.ts:115:36)
    at Function.Module._load (node:internal/modules/cjs/loader:986:27)
    at Module.require (node:internal/modules/cjs/loader:1233:19)
    at require (node:internal/modules/helpers:179:18)
    at Object.<anonymous> (C:\Users\alexa\OneDrive\CodeVStudio\template\server\src\routes\index.ts:5:1)
    at Module._compile (node:internal/modules/cjs/loader:1358:14)
    at Module.m._compile (C:\Users\alexa\OneDrive\CodeVStudio\template\server\node_modules\ts-node\src\index.ts:1618:23)
    at Module._extensions..js (node:internal/modules/cjs/loader:1416:10)
2025-03-26 09:38:10 error: uncaughtException: Cannot find module './margin'
Require stack:
- C:\Users\alexa\OneDrive\CodeVStudio\template\server\src\routes\index.ts
- C:\Users\alexa\OneDrive\CodeVStudio\template\server\src\server\config.ts
- C:\Users\alexa\OneDrive\CodeVStudio\template\server\src\server\index.ts
Error: Cannot find module './margin'
Require stack:
- C:\Users\alexa\OneDrive\CodeVStudio\template\server\src\routes\index.ts
- C:\Users\alexa\OneDrive\CodeVStudio\template\server\src\server\config.ts
- C:\Users\alexa\OneDrive\CodeVStudio\template\server\src\server\index.ts
    at Function.Module._resolveFilename (node:internal/modules/cjs/loader:1145:15)
    at Function.Module._resolveFilename.sharedData.moduleResolveFilenameHook.installedValue (C:\Users\alexa\OneDrive\CodeVStudio\template\server\node_modules\@cspotcode\source-map-support\source-map-support.js:811:30)
    at Function.Module._resolveFilename (C:\Users\alexa\OneDrive\CodeVStudio\template\server\node_modules\tsconfig-paths\src\register.ts:115:36)
    at Function.Module._load (node:internal/modules/cjs/loader:986:27)
    at Module.require (node:internal/modules/cjs/loader:1233:19)
    at require (node:internal/modules/helpers:179:18)
    at Object.<anonymous> (C:\Users\alexa\OneDrive\CodeVStudio\template\server\src\routes\index.ts:5:1)
    at Module._compile (node:internal/modules/cjs/loader:1358:14)
    at Module.m._compile (C:\Users\alexa\OneDrive\CodeVStudio\template\server\node_modules\ts-node\src\index.ts:1618:23)
    at Module._extensions..js (node:internal/modules/cjs/loader:1416:10)
2025-03-26 09:38:58 error: uncaughtException: Cannot find module './account'
Require stack:
- C:\Users\alexa\OneDrive\CodeVStudio\template\server\src\routes\index.ts
- C:\Users\alexa\OneDrive\CodeVStudio\template\server\src\server\config.ts
- C:\Users\alexa\OneDrive\CodeVStudio\template\server\src\server\index.ts
Error: Cannot find module './account'
Require stack:
- C:\Users\alexa\OneDrive\CodeVStudio\template\server\src\routes\index.ts
- C:\Users\alexa\OneDrive\CodeVStudio\template\server\src\server\config.ts
- C:\Users\alexa\OneDrive\CodeVStudio\template\server\src\server\index.ts
    at Function.Module._resolveFilename (node:internal/modules/cjs/loader:1145:15)
    at Function.Module._resolveFilename.sharedData.moduleResolveFilenameHook.installedValue (C:\Users\alexa\OneDrive\CodeVStudio\template\server\node_modules\@cspotcode\source-map-support\source-map-support.js:811:30)
    at Function.Module._resolveFilename (C:\Users\alexa\OneDrive\CodeVStudio\template\server\node_modules\tsconfig-paths\src\register.ts:115:36)
    at Function.Module._load (node:internal/modules/cjs/loader:986:27)
    at Module.require (node:internal/modules/cjs/loader:1233:19)
    at require (node:internal/modules/helpers:179:18)
    at Object.<anonymous> (C:\Users\alexa\OneDrive\CodeVStudio\template\server\src\routes\index.ts:4:1)
    at Module._compile (node:internal/modules/cjs/loader:1358:14)
    at Module.m._compile (C:\Users\alexa\OneDrive\CodeVStudio\template\server\node_modules\ts-node\src\index.ts:1618:23)
    at Module._extensions..js (node:internal/modules/cjs/loader:1416:10)
2025-03-26 09:39:21 error: uncaughtException: Cannot find module './account'
Require stack:
- C:\Users\alexa\OneDrive\CodeVStudio\template\server\src\routes\index.ts
- C:\Users\alexa\OneDrive\CodeVStudio\template\server\src\server\config.ts
- C:\Users\alexa\OneDrive\CodeVStudio\template\server\src\server\index.ts
Error: Cannot find module './account'
Require stack:
- C:\Users\alexa\OneDrive\CodeVStudio\template\server\src\routes\index.ts
- C:\Users\alexa\OneDrive\CodeVStudio\template\server\src\server\config.ts
- C:\Users\alexa\OneDrive\CodeVStudio\template\server\src\server\index.ts
    at Function.Module._resolveFilename (node:internal/modules/cjs/loader:1145:15)
    at Function.Module._resolveFilename.sharedData.moduleResolveFilenameHook.installedValue (C:\Users\alexa\OneDrive\CodeVStudio\template\server\node_modules\@cspotcode\source-map-support\source-map-support.js:811:30)
    at Function.Module._resolveFilename (C:\Users\alexa\OneDrive\CodeVStudio\template\server\node_modules\tsconfig-paths\src\register.ts:115:36)
    at Function.Module._load (node:internal/modules/cjs/loader:986:27)
    at Module.require (node:internal/modules/cjs/loader:1233:19)
    at require (node:internal/modules/helpers:179:18)
    at Object.<anonymous> (C:\Users\alexa\OneDrive\CodeVStudio\template\server\src\routes\index.ts:4:1)
    at Module._compile (node:internal/modules/cjs/loader:1358:14)
    at Module.m._compile (C:\Users\alexa\OneDrive\CodeVStudio\template\server\node_modules\ts-node\src\index.ts:1618:23)
    at Module._extensions..js (node:internal/modules/cjs/loader:1416:10)
2025-03-26 09:39:38 error: uncaughtException: Cannot find module './margin'
Require stack:
- C:\Users\alexa\OneDrive\CodeVStudio\template\server\src\routes\index.ts
- C:\Users\alexa\OneDrive\CodeVStudio\template\server\src\server\config.ts
- C:\Users\alexa\OneDrive\CodeVStudio\template\server\src\server\index.ts
Error: Cannot find module './margin'
Require stack:
- C:\Users\alexa\OneDrive\CodeVStudio\template\server\src\routes\index.ts
- C:\Users\alexa\OneDrive\CodeVStudio\template\server\src\server\config.ts
- C:\Users\alexa\OneDrive\CodeVStudio\template\server\src\server\index.ts
    at Function.Module._resolveFilename (node:internal/modules/cjs/loader:1145:15)
    at Function.Module._resolveFilename.sharedData.moduleResolveFilenameHook.installedValue (C:\Users\alexa\OneDrive\CodeVStudio\template\server\node_modules\@cspotcode\source-map-support\source-map-support.js:811:30)
    at Function.Module._resolveFilename (C:\Users\alexa\OneDrive\CodeVStudio\template\server\node_modules\tsconfig-paths\src\register.ts:115:36)
    at Function.Module._load (node:internal/modules/cjs/loader:986:27)
    at Module.require (node:internal/modules/cjs/loader:1233:19)
    at require (node:internal/modules/helpers:179:18)
    at Object.<anonymous> (C:\Users\alexa\OneDrive\CodeVStudio\template\server\src\routes\index.ts:4:1)
    at Module._compile (node:internal/modules/cjs/loader:1358:14)
    at Module.m._compile (C:\Users\alexa\OneDrive\CodeVStudio\template\server\node_modules\ts-node\src\index.ts:1618:23)
    at Module._extensions..js (node:internal/modules/cjs/loader:1416:10)
2025-03-26 09:41:08 error: uncaughtException: Cannot find module './margin'
Require stack:
- C:\Users\alexa\OneDrive\CodeVStudio\template\server\src\routes\index.ts
- C:\Users\alexa\OneDrive\CodeVStudio\template\server\src\server\config.ts
- C:\Users\alexa\OneDrive\CodeVStudio\template\server\src\server\index.ts
Error: Cannot find module './margin'
Require stack:
- C:\Users\alexa\OneDrive\CodeVStudio\template\server\src\routes\index.ts
- C:\Users\alexa\OneDrive\CodeVStudio\template\server\src\server\config.ts
- C:\Users\alexa\OneDrive\CodeVStudio\template\server\src\server\index.ts
    at Function.Module._resolveFilename (node:internal/modules/cjs/loader:1145:15)
    at Function.Module._resolveFilename.sharedData.moduleResolveFilenameHook.installedValue (C:\Users\alexa\OneDrive\CodeVStudio\template\server\node_modules\@cspotcode\source-map-support\source-map-support.js:811:30)
    at Function.Module._resolveFilename (C:\Users\alexa\OneDrive\CodeVStudio\template\server\node_modules\tsconfig-paths\src\register.ts:115:36)
    at Function.Module._load (node:internal/modules/cjs/loader:986:27)
    at Module.require (node:internal/modules/cjs/loader:1233:19)
    at require (node:internal/modules/helpers:179:18)
    at Object.<anonymous> (C:\Users\alexa\OneDrive\CodeVStudio\template\server\src\routes\index.ts:4:1)
    at Module._compile (node:internal/modules/cjs/loader:1358:14)
    at Module.m._compile (C:\Users\alexa\OneDrive\CodeVStudio\template\server\node_modules\ts-node\src\index.ts:1618:23)
    at Module._extensions..js (node:internal/modules/cjs/loader:1416:10)
