2025-04-05 18:13:59 info: ======= Version: development =======
          🚀 server listening port: 3005 🚀
2025-04-05 18:14:14 info: ======= Version: development =======
          🚀 server listening port: 3005 🚀
2025-04-05 18:25:28 info: ======= Version: development =======
          🚀 server listening port: 3005 🚀
2025-04-05 18:26:23 info: ======= Version: development =======
          🚀 server listening port: 3005 🚀
2025-04-05 18:29:09 info: ======= Version: development =======
          🚀 server listening port: 3005 🚀
2025-04-05 18:29:14 info: ======= Version: development =======
          🚀 server listening port: 3005 🚀
2025-04-05 18:33:31 info: ======= Version: development =======
          🚀 server listening port: 3005 🚀
2025-04-05 18:40:35 info: ======= Version: development =======
          🚀 server listening port: 3005 🚀
2025-04-05 18:41:11 info: ======= Version: development =======
          🚀 server listening port: 3005 🚀
2025-04-05 18:42:39 info: ======= Version: development =======
          🚀 server listening port: 3005 🚀
2025-04-05 18:43:09 info: ======= Version: development =======
          🚀 server listening port: 3005 🚀
2025-04-05 18:43:47 info: ======= Version: development =======
          🚀 server listening port: 3005 🚀
2025-04-05 18:44:57 info: ======= Version: development =======
          🚀 server listening port: 3005 🚀
2025-04-05 18:47:53 info: ======= Version: development =======
          🚀 server listening port: 3005 🚀
2025-04-05 18:47:56 info: ======= Version: development =======
          🚀 server listening port: 3005 🚀
2025-04-05 18:49:05 info: ======= Version: development =======
          🚀 server listening port: 3005 🚀
2025-04-05 18:49:41 info: ======= Version: development =======
          🚀 server listening port: 3005 🚀
2025-04-05 18:51:04 info: ======= Version: development =======
          🚀 server listening port: 3005 🚀
2025-04-05 18:51:06 info: [0mOPTIONS /api/test/params/6 [32m204[0m 1.514 ms - 0[0m
2025-04-05 18:51:06 info: [0mGET /api/test/params/6 [36m304[0m 4.640 ms - -[0m
2025-04-05 18:51:42 info: ======= Version: development =======
          🚀 server listening port: 3005 🚀
2025-04-05 18:51:44 info: [0mOPTIONS /api/test/params/6 [32m204[0m 1.737 ms - 0[0m
2025-04-05 18:51:44 info: [0mGET /api/test/params/6 [33m422[0m 32.204 ms - 39[0m
2025-04-05 18:51:54 info: [0mOPTIONS /api/test/params/6 [32m204[0m 0.103 ms - 0[0m
2025-04-05 18:51:54 info: [0mGET /api/test/params/6 [33m422[0m 2.316 ms - 39[0m
2025-04-05 18:52:01 info: ======= Version: development =======
          🚀 server listening port: 3005 🚀
2025-04-05 18:52:05 info: [0mOPTIONS /api/test/params/6 [32m204[0m 1.033 ms - 0[0m
2025-04-05 18:52:05 info: [0mGET /api/test/params/6 [32m200[0m 23.807 ms - 20[0m
2025-04-05 18:52:10 info: [0mGET /api/test/params/6 [36m304[0m 1.258 ms - -[0m
2025-04-05 18:52:12 info: [0mOPTIONS /api/test/params/6 [32m204[0m 0.118 ms - 0[0m
2025-04-05 18:52:12 info: [0mGET /api/test/params/6 [36m304[0m 0.941 ms - -[0m
2025-04-05 18:52:33 info: ======= Version: development =======
          🚀 server listening port: 3005 🚀
2025-04-05 18:52:35 info: [0mOPTIONS /api/test/params/6 [32m204[0m 1.224 ms - 0[0m
2025-04-05 18:52:35 info: [0mGET /api/test/params/6 [36m304[0m 23.667 ms - -[0m
2025-04-05 18:52:50 info: ======= Version: development =======
          🚀 server listening port: 3005 🚀
2025-04-05 18:52:52 info: [0mOPTIONS /api/test/params/6 [32m204[0m 1.102 ms - 0[0m
2025-04-05 18:52:52 info: [0mGET /api/test/params/6 [36m304[0m 17.962 ms - -[0m
2025-04-05 18:52:55 info: [0mGET /api/test/params/6 [36m304[0m 1.210 ms - -[0m
2025-04-05 18:56:35 info: ======= Version: development =======
          🚀 server listening port: 3005 🚀
2025-04-05 18:56:38 info: [0mOPTIONS /api/test/params/6 [32m204[0m 1.423 ms - 0[0m
2025-04-05 18:56:38 info: [0mGET /api/test/params/6 [36m304[0m 20.568 ms - -[0m
2025-04-05 18:56:41 info: [0mGET /api/test/params/6 [36m304[0m 1.203 ms - -[0m
2025-04-05 18:57:14 info: ======= Version: development =======
          🚀 server listening port: 3005 🚀
2025-04-05 18:57:38 info: ======= Version: development =======
          🚀 server listening port: 3005 🚀
2025-04-05 18:57:40 info: [0mOPTIONS /api/test/params/6 [32m204[0m 1.526 ms - 0[0m
2025-04-05 18:57:40 info: [0mGET /api/test/params/6 [36m304[0m 18.803 ms - -[0m
2025-04-05 18:58:25 info: ======= Version: development =======
          🚀 server listening port: 3005 🚀
2025-04-05 18:58:31 info: ======= Version: development =======
          🚀 server listening port: 3005 🚀
2025-04-05 18:58:33 info: [0mOPTIONS /api/test/params/6 [32m204[0m 2.127 ms - 0[0m
2025-04-05 18:58:33 info: [0mGET /api/test/params/6 [36m304[0m 4.750 ms - -[0m
2025-04-05 18:58:36 info: [0mGET /api/test/params/6 [36m304[0m 0.746 ms - -[0m
2025-04-05 18:58:56 info: [0mOPTIONS /api/test/params/6 [32m204[0m 0.127 ms - 0[0m
2025-04-05 18:58:56 info: [0mGET /api/test/params/6 [36m304[0m 0.872 ms - -[0m
2025-04-05 18:59:09 info: [0mOPTIONS /api/test/params/6 [32m204[0m 0.160 ms - 0[0m
2025-04-05 18:59:11 info: [0mGET /api/test/params/6 [36m304[0m 0.860 ms - -[0m
2025-04-05 18:59:21 info: [0mOPTIONS /api/test/params/6 [32m204[0m 0.133 ms - 0[0m
2025-04-05 18:59:21 info: [0mGET /api/test/params/6 [36m304[0m 0.567 ms - -[0m
2025-04-05 18:59:24 info: [0mGET /api/test/params/6 [36m304[0m 0.486 ms - -[0m
2025-04-05 19:00:04 info: [0mOPTIONS /api/test/params/6 [32m204[0m 0.118 ms - 0[0m
2025-04-05 19:00:04 info: [0mGET /api/test/params/6 [36m304[0m 0.482 ms - -[0m
2025-04-05 19:00:12 info: [0mOPTIONS /api/test/params/6 [32m204[0m 0.152 ms - 0[0m
2025-04-05 19:00:12 info: [0mGET /api/test/params/6 [36m304[0m 1.596 ms - -[0m
2025-04-05 19:00:15 info: [0mGET /api/test/params/6 [36m304[0m 0.522 ms - -[0m
2025-04-05 19:00:28 info: [0mOPTIONS /api/test/params/6 [32m204[0m 0.163 ms - 0[0m
2025-04-05 19:00:28 info: [0mGET /api/test/params/6 [36m304[0m 0.530 ms - -[0m
2025-04-05 19:00:43 info: ======= Version: development =======
          🚀 server listening port: 3005 🚀
2025-04-05 19:00:51 info: [0mOPTIONS /api/test/params/6 [32m204[0m 1.113 ms - 0[0m
2025-04-05 19:00:51 info: [0mGET /api/test/params/6 [36m304[0m 3.482 ms - -[0m
2025-04-05 19:01:36 info: [0mOPTIONS /api/test/params/6 [32m204[0m 0.131 ms - 0[0m
2025-04-05 19:01:36 info: [0mGET /api/test/params/6 [36m304[0m 0.754 ms - -[0m
2025-04-05 19:01:49 info: [0mOPTIONS /api/test/params/6 [32m204[0m 0.532 ms - 0[0m
2025-04-05 19:01:50 info: [0mGET /api/test/params/6 [36m304[0m 0.533 ms - -[0m
2025-04-05 19:02:37 info: [0mOPTIONS /api/test/params/6 [32m204[0m 0.097 ms - 0[0m
2025-04-05 19:02:37 info: [0mGET /api/test/params/6 [36m304[0m 0.403 ms - -[0m
2025-04-05 19:02:38 info: [0mGET /api/test/params/6 [36m304[0m 0.471 ms - -[0m
2025-04-05 19:02:47 info: [0mOPTIONS /api/test/params/6 [32m204[0m 0.198 ms - 0[0m
2025-04-05 19:02:47 info: [0mGET /api/test/params/6 [36m304[0m 0.762 ms - -[0m
2025-04-05 19:12:27 info: ======= Version: development =======
          🚀 server listening port: 3005 🚀
2025-04-05 19:13:18 info: [0mOPTIONS /api/test/params/6 [32m204[0m 1.145 ms - 0[0m
2025-04-05 19:13:18 info: [0mGET /api/test/params/6 [36m304[0m 4.672 ms - -[0m
2025-04-05 19:13:32 info: ======= Version: development =======
          🚀 server listening port: 3005 🚀
2025-04-05 19:13:35 info: [0mOPTIONS /api/test/params/6 [32m204[0m 1.055 ms - 0[0m
2025-04-05 19:13:35 info: [0mGET /api/test/params/6 [36m304[0m 3.679 ms - -[0m
2025-04-05 19:13:37 info: [0mGET /api/test/params/6 [36m304[0m 0.609 ms - -[0m
2025-04-05 19:48:23 info: [0mOPTIONS /api/test/params/6 [32m204[0m 0.155 ms - 0[0m
2025-04-05 19:48:23 info: [0mGET /api/test/params/6 [36m304[0m 0.599 ms - -[0m
2025-04-05 19:48:28 info: [0mGET /api/test/params/6 [36m304[0m 0.859 ms - -[0m
2025-04-05 19:48:36 info: ======= Version: development =======
          🚀 server listening port: 3005 🚀
2025-04-05 19:48:37 info: [0mOPTIONS /api/test/params/6 [32m204[0m 1.000 ms - 0[0m
2025-04-05 19:48:37 info: [0mGET /api/test/params/6 [36m304[0m 3.885 ms - -[0m
2025-04-05 19:48:39 info: [0mGET /api/test/params/6 [36m304[0m 0.744 ms - -[0m
2025-04-05 19:48:47 info: ======= Version: development =======
          🚀 server listening port: 3005 🚀
2025-04-05 19:48:59 info: [0mOPTIONS /api/test/params/6 [32m204[0m 1.419 ms - 0[0m
2025-04-05 19:48:59 info: [0mGET /api/test/params/6 [36m304[0m 3.759 ms - -[0m
2025-04-05 19:49:18 info: [0mOPTIONS /api/test/params/6 [32m204[0m 0.196 ms - 0[0m
2025-04-05 19:49:18 info: [0mGET /api/test/params/6 [36m304[0m 0.777 ms - -[0m
2025-04-05 19:50:10 info: [0mOPTIONS /api/test/params/6 [32m204[0m 0.105 ms - 0[0m
2025-04-05 19:50:10 info: [0mGET /api/test/params/6 [36m304[0m 0.771 ms - -[0m
2025-04-05 19:55:12 info: [0mOPTIONS /api/test/params/6 [32m204[0m 0.161 ms - 0[0m
2025-04-05 19:55:12 info: [0mGET /api/test/params/6 [36m304[0m 0.910 ms - -[0m
2025-04-05 19:56:24 info: [0mOPTIONS /api/test/params/6 [32m204[0m 0.107 ms - 0[0m
2025-04-05 19:56:24 info: [0mGET /api/test/params/6 [36m304[0m 0.578 ms - -[0m
2025-04-05 19:57:20 info: [0mOPTIONS /api/test/params/6 [32m204[0m 0.103 ms - 0[0m
2025-04-05 19:57:20 info: [0mGET /api/test/params/6 [36m304[0m 0.397 ms - -[0m
2025-04-05 19:57:55 info: [0mOPTIONS /api/test/params/6 [32m204[0m 0.100 ms - 0[0m
2025-04-05 19:57:55 info: [0mGET /api/test/params/6 [36m304[0m 0.430 ms - -[0m
2025-04-05 21:48:46 info: ======= Version: development =======
          🚀 server listening port: 3005 🚀
2025-04-05 21:49:05 info: [0mOPTIONS /api/test/params/6 [32m204[0m 1.554 ms - 0[0m
2025-04-05 21:49:05 info: [0mGET /api/test/params/6 [36m304[0m 2.899 ms - -[0m
2025-04-05 21:51:06 info: [0mGET /api/test/params/5 [32m200[0m 1.413 ms - 20[0m
2025-04-05 21:51:06 info: [0mOPTIONS /api/test/params/6 [32m204[0m 0.180 ms - 0[0m
2025-04-05 21:51:06 info: [0mGET /api/test/params/6 [36m304[0m 1.077 ms - -[0m
2025-04-05 21:53:01 info: [0mGET /api/test/params/5 [32m200[0m 0.687 ms - 20[0m
2025-04-05 21:53:22 info: [0mGET /api/test/params/5 [32m200[0m 0.940 ms - 20[0m
2025-04-05 21:55:03 info: [0mGET /api/test/params/5 [32m200[0m 0.445 ms - 20[0m
2025-04-05 21:55:08 info: [0mGET /api/test/params/5 [32m200[0m 0.487 ms - 20[0m
2025-04-05 21:56:49 info: [0mGET /api/test/params/5 [32m200[0m 0.748 ms - 20[0m
2025-04-05 22:27:29 info: [0mGET /api/test/params/5 [32m200[0m 0.615 ms - 20[0m
2025-04-05 22:27:31 info: [0mGET /api/test/params/5 [32m200[0m 0.497 ms - 20[0m
