2025-03-30 13:53:31 info: ======= Version: development =======
          🚀 server listening port: 3005 🚀
2025-03-30 13:53:42 info: [0mGET /api/user/account?id=5 [33m404[0m 5.103 ms - 82[0m
2025-03-30 14:00:05 info: [0mGET /api/test/params/5 [33m404[0m 1.040 ms - 78[0m
2025-03-30 14:00:06 info: [0mGET /api/test/params/5 [33m404[0m 0.900 ms - 78[0m
2025-03-30 14:00:36 info: [0mGET /api/test/params/5 [33m404[0m 0.540 ms - 78[0m
2025-03-30 14:02:44 info: ======= Version: development =======
          🚀 server listening port: 3005 🚀
2025-03-30 14:02:49 info: [0mGET /api/test/params/5 [32m200[0m 3.452 ms - 15[0m
2025-03-30 14:04:57 info: [0mGET /api/test/params/5 [32m200[0m 0.953 ms - 15[0m
2025-03-30 14:05:02 info: [0mGET /api/test/params/5 [32m200[0m 0.651 ms - 15[0m
2025-03-30 14:06:33 info: [0mGET /api/test/params/5 [32m200[0m 0.440 ms - 15[0m
2025-03-30 14:40:51 info: [0mGET /api/test/params/5 [32m200[0m 0.565 ms - 15[0m
2025-03-30 14:42:21 info: [0mGET /api/test/params/5 [32m200[0m 0.555 ms - 15[0m
2025-03-30 14:48:35 info: [0mGET /api/test/params/5 [32m200[0m 0.480 ms - 15[0m
2025-03-30 14:48:46 info: [0mGET /api/test/params/5 [32m200[0m 0.607 ms - 15[0m
2025-03-30 14:49:03 info: [0mGET /api/test/params/5 [32m200[0m 0.490 ms - 15[0m
2025-03-30 14:50:22 info: [0mGET /api/test/params/5 [32m200[0m 0.828 ms - 15[0m
2025-03-30 14:50:31 info: [0mGET /api/test/params/5 [32m200[0m 0.658 ms - 15[0m
2025-03-30 14:50:37 info: [0mGET /api/test/params/5 [32m200[0m 0.379 ms - 15[0m
2025-03-30 15:51:33 info: [0mGET /api/test/params/5 [32m200[0m 2.426 ms - 15[0m
2025-03-30 15:54:15 info: [0mGET /api/test/params/5 [32m200[0m 1.385 ms - 15[0m
2025-03-30 15:54:44 info: ======= Version: development =======
          🚀 server listening port: 3005 🚀
2025-03-30 15:54:49 info: [0mGET /api/test/params/5 [32m200[0m 4.855 ms - 15[0m
2025-03-30 15:57:49 info: [0mGET /api/test/params/5 [32m200[0m 1.332 ms - 15[0m
2025-03-30 17:33:36 info: [0mGET /api/test/params/5 [32m200[0m 1.020 ms - 15[0m
2025-03-30 17:34:14 info: [0mGET /api/test/params/5 [32m200[0m 0.396 ms - 15[0m
2025-03-30 17:34:45 info: ======= Version: development =======
          🚀 server listening port: 3005 🚀
2025-03-30 17:34:54 info: [0mGET /api/test/params/5 [32m200[0m 3.772 ms - 16[0m
2025-03-30 17:35:02 info: ======= Version: development =======
          🚀 server listening port: 3005 🚀
2025-03-30 17:35:08 info: [0mGET /api/test/params/5 [32m200[0m 3.307 ms - 15[0m
2025-03-30 17:35:51 info: [0mGET /api/test/params/5 [32m200[0m 1.295 ms - 15[0m
2025-03-30 17:36:04 info: [0mGET /api/test/params/5 [32m200[0m 0.501 ms - 15[0m
2025-03-30 17:36:19 info: [0mGET /api/test/params/5 [32m200[0m 0.482 ms - 15[0m
2025-03-30 20:31:44 info: [0mGET /api/test/params/5 [32m200[0m 1.626 ms - 15[0m
2025-03-30 20:32:25 info: [0mGET /api/test/params/5 [32m200[0m 0.407 ms - 15[0m
2025-03-30 20:32:38 info: [0mGET /api/test/params/6 [32m200[0m 0.637 ms - 15[0m
2025-03-30 20:34:13 info: [0mGET /api/test/params/6 [32m200[0m 0.476 ms - 15[0m
2025-03-30 20:34:15 info: [0mGET /api/test/params/6 [32m200[0m 0.386 ms - 15[0m
2025-03-30 20:34:17 info: [0mGET /api/test/params/6 [32m200[0m 0.572 ms - 15[0m
2025-03-30 20:34:23 info: [0mGET /api/test/params/6 [32m200[0m 0.848 ms - 15[0m
2025-03-30 20:34:30 info: [0mGET /api/test/params/6 [32m200[0m 0.420 ms - 15[0m
2025-03-30 20:34:32 info: [0mGET /api/test/params/6 [32m200[0m 0.512 ms - 15[0m
2025-03-30 20:34:41 info: [0mGET /api/test/params/6 [32m200[0m 0.486 ms - 15[0m
2025-03-30 20:34:42 info: [0mGET /api/test/params/6 [32m200[0m 0.338 ms - 15[0m
2025-03-30 20:34:44 info: [0mGET /api/test/params/6 [32m200[0m 0.359 ms - 15[0m
2025-03-30 20:34:50 info: [0mGET /api/test/params/6 [32m200[0m 0.709 ms - 15[0m
2025-03-30 20:35:00 info: [0mGET /api/test/params/6 [32m200[0m 0.355 ms - 15[0m
2025-03-30 20:35:20 info: [0mGET /api/test/params/6 [32m200[0m 0.445 ms - 15[0m
2025-03-30 20:35:21 info: [0mGET /api/test/params/6 [32m200[0m 0.429 ms - 15[0m
2025-03-30 20:35:41 info: ======= Version: development =======
          🚀 server listening port: 3005 🚀
2025-03-30 20:35:43 info: [0mGET /api/test/params/6 [32m200[0m 5.701 ms - 15[0m
2025-03-30 20:35:46 info: [0mGET /api/test/params/6 [32m200[0m 0.836 ms - 15[0m
2025-03-30 20:36:10 info: [0mGET /api/test/params/6 [32m200[0m 0.925 ms - 15[0m
2025-03-30 20:37:09 info: [0mGET /api/test/params/6 [32m200[0m 1.024 ms - 15[0m
2025-03-30 20:37:21 info: [0mGET /api/test/params/6 [32m200[0m 0.774 ms - 15[0m
2025-03-30 20:37:43 info: [0mGET /api/test/params/6 [32m200[0m 0.779 ms - 15[0m
2025-03-30 20:38:04 info: ======= Version: development =======
          🚀 server listening port: 3005 🚀
2025-03-30 20:38:19 info: [0mGET /api/test/params/6 [32m200[0m 4.180 ms - 15[0m
2025-03-30 20:38:22 info: [0mGET /api/test/params/6 [32m200[0m 1.626 ms - 15[0m
2025-03-30 20:38:32 info: [0mGET /api/test/params/6 [32m200[0m 0.821 ms - 15[0m
2025-03-30 20:38:42 info: [0mGET /api/test/params/6 [32m200[0m 0.830 ms - 15[0m
2025-03-30 20:38:52 info: [0mGET /api/test/params/6 [32m200[0m 1.616 ms - 15[0m
2025-03-30 20:38:58 info: [0mGET /api/test/params/6 [32m200[0m 0.966 ms - 15[0m
2025-03-30 20:39:12 info: [0mGET /api/test/params/6 [32m200[0m 0.593 ms - 15[0m
2025-03-30 20:39:33 info: [0mGET /api/test/params/6 [32m200[0m 0.710 ms - 15[0m
2025-03-30 20:39:37 info: [0mGET /api/test/params/6 [32m200[0m 0.602 ms - 15[0m
2025-03-30 20:39:56 info: ======= Version: development =======
          🚀 server listening port: 3005 🚀
2025-03-30 20:40:20 info: [0mGET /api/test/params/6 [32m200[0m 5.082 ms - 15[0m
2025-03-30 20:40:23 info: [0mGET /api/test/params/6 [36m304[0m 0.959 ms - -[0m
2025-03-30 20:40:27 info: [0mGET /api/test/params/6 [36m304[0m 0.690 ms - -[0m
2025-03-30 20:40:32 info: [0mGET /api/test/params/6 [36m304[0m 0.865 ms - -[0m
2025-03-30 20:40:43 info: ======= Version: development =======
          🚀 server listening port: 3005 🚀
2025-03-30 20:40:55 info: [0mGET /api/test/params/6 [36m304[0m 7.125 ms - -[0m
2025-03-30 20:59:13 info: [0mGET /api/test/params/6 [36m304[0m 0.787 ms - -[0m
2025-03-30 21:20:17 info: [0mGET /api/test/params/6 [36m304[0m 1.064 ms - -[0m
2025-03-30 21:21:33 info: [0mGET /api/test/params/6 [36m304[0m 0.991 ms - -[0m
2025-03-30 21:23:50 info: [0mGET /api/test/params/6 [36m304[0m 0.797 ms - -[0m
2025-03-30 21:24:43 info: [0mGET /api/test/params/6 [36m304[0m 0.700 ms - -[0m
2025-03-30 22:05:57 info: [0mGET /api/test/params/6 [36m304[0m 0.879 ms - -[0m
2025-03-30 22:22:51 info: [0mGET /api/test/params/6 [36m304[0m 1.066 ms - -[0m
2025-03-30 22:23:12 info: [0mGET /api/test/params/6 [36m304[0m 0.500 ms - -[0m
