2025-01-30 00:30:04 info: ======= Version: development =======
          🚀 server listening port: 3000 🚀
2025-01-30 00:30:19 info: [0mGET /api/spot/list [32m200[0m 771.028 ms - 2[0m
2025-01-30 00:31:17 info: ======= Version: development =======
          🚀 server listening port: 3000 🚀
2025-01-30 00:31:19 error: AuthControllerFile.spotList =>  Converting circular structure to JSON
    --> starting at object with constructor 'ClientRequest'
    |     property 'res' -> object with constructor 'IncomingMessage'
    --- property 'req' closes the circle
2025-01-30 00:31:19 error: [GET] /api/spot/list >> StatusCode:: 500, Message:: Converting circular structure to JSON
    --> starting at object with constructor 'ClientRequest'
    |     property 'res' -> object with constructor 'IncomingMessage'
    --- property 'req' closes the circle
2025-01-30 00:31:19 info: [0mGET /api/spot/list [31m500[0m 689.697 ms - 223[0m
2025-01-30 00:31:39 info: ======= Version: development =======
          🚀 server listening port: 3000 🚀
2025-01-30 00:31:41 info: [0mGET /api/spot/list [32m200[0m 656.895 ms - 782[0m
2025-01-30 00:32:36 info: ======= Version: development =======
          🚀 server listening port: 3000 🚀
2025-01-30 00:32:48 info: ======= Version: development =======
          🚀 server listening port: 3000 🚀
2025-01-30 00:34:10 info: ======= Version: development =======
          🚀 server listening port: 3000 🚀
2025-01-30 00:36:20 info: ======= Version: development =======
          🚀 server listening port: 3000 🚀
2025-01-30 00:37:04 info: ======= Version: development =======
          🚀 server listening port: 3000 🚀
2025-01-30 00:40:48 info: ======= Version: development =======
          🚀 server listening port: 3000 🚀
2025-01-30 00:41:07 info: ======= Version: development =======
          🚀 server listening port: 3000 🚀
2025-01-30 00:41:18 info: ======= Version: development =======
          🚀 server listening port: 3000 🚀
2025-01-30 00:41:25 info: ======= Version: development =======
          🚀 server listening port: 3000 🚀
2025-01-30 00:48:33 info: ======= Version: development =======
          🚀 server listening port: 3000 🚀
2025-01-30 00:48:42 info: ======= Version: development =======
          🚀 server listening port: 3000 🚀
2025-01-30 00:51:25 info: ======= Version: development =======
          🚀 server listening port: 3000 🚀
2025-01-30 00:51:28 info: [0mGET /api/spot/list [32m200[0m 773.835 ms - -[0m
2025-01-30 00:51:46 info: ======= Version: development =======
          🚀 server listening port: 3000 🚀
2025-01-30 00:51:47 info: [0mGET /api/spot/list [32m200[0m 809.372 ms - -[0m
2025-01-30 00:52:40 info: ======= Version: development =======
          🚀 server listening port: 3000 🚀
2025-01-30 00:58:08 info: ======= Version: development =======
          🚀 server listening port: 3000 🚀
2025-01-30 00:58:30 info: ======= Version: development =======
          🚀 server listening port: 3000 🚀
2025-01-30 00:58:51 info: ======= Version: development =======
          🚀 server listening port: 3000 🚀
2025-01-30 01:00:04 info: ======= Version: development =======
          🚀 server listening port: 3000 🚀
2025-01-30 01:07:24 info: ======= Version: development =======
          🚀 server listening port: 3000 🚀
2025-01-30 01:13:27 info: ======= Version: development =======
          🚀 server listening port: 3000 🚀
2025-01-30 01:14:20 info: ======= Version: development =======
          🚀 server listening port: 3000 🚀
2025-01-30 01:14:31 info: ======= Version: development =======
          🚀 server listening port: 3000 🚀
2025-01-30 01:14:45 error: AuthControllerFile.spotList =>  Request failed with status code 405
2025-01-30 01:14:45 error: [GET] /api/spot/list >> StatusCode:: 405, Message:: Request failed with status code 405
2025-01-30 01:14:45 info: [0mGET /api/spot/list [33m405[0m 444.016 ms - 47[0m
2025-01-30 01:15:22 info: ======= Version: development =======
          🚀 server listening port: 3000 🚀
2025-01-30 01:15:23 error: AuthControllerFile.spotList =>  Request failed with status code 405
2025-01-30 01:15:23 error: [GET] /api/spot/list >> StatusCode:: 405, Message:: Request failed with status code 405
2025-01-30 01:15:24 info: [0mGET /api/spot/list [33m405[0m 444.608 ms - 47[0m
2025-01-30 01:15:56 info: ======= Version: development =======
          🚀 server listening port: 3000 🚀
2025-01-30 01:15:58 info: [0mGET /api/spot/list [32m200[0m 422.566 ms - 2[0m
2025-01-30 01:16:08 info: ======= Version: development =======
          🚀 server listening port: 3000 🚀
2025-01-30 01:16:09 error: AuthControllerFile.spotList =>  Converting circular structure to JSON
    --> starting at object with constructor 'ClientRequest'
    |     property 'res' -> object with constructor 'IncomingMessage'
    --- property 'req' closes the circle
2025-01-30 01:16:09 error: [GET] /api/spot/list >> StatusCode:: 500, Message:: Converting circular structure to JSON
    --> starting at object with constructor 'ClientRequest'
    |     property 'res' -> object with constructor 'IncomingMessage'
    --- property 'req' closes the circle
2025-01-30 01:16:09 info: [0mGET /api/spot/list [31m500[0m 525.291 ms - 223[0m
2025-01-30 01:26:50 info: ======= Version: development =======
          🚀 server listening port: 3000 🚀
2025-01-30 01:26:52 info: [0mGET /api/spot/list [32m200[0m 769.210 ms - 15[0m
2025-01-30 01:28:09 info: ======= Version: development =======
          🚀 server listening port: 3000 🚀
2025-01-30 01:28:28 info: ======= Version: development =======
          🚀 server listening port: 3000 🚀
2025-01-30 01:28:45 info: ======= Version: development =======
          🚀 server listening port: 3000 🚀
2025-01-30 01:28:49 info: [0mGET /api/spot/list [32m200[0m 500.156 ms - -[0m
2025-01-30 01:31:15 info: ======= Version: development =======
          🚀 server listening port: 3000 🚀
2025-01-30 01:31:22 info: ======= Version: development =======
          🚀 server listening port: 3000 🚀
2025-01-30 01:31:40 info: ======= Version: development =======
          🚀 server listening port: 3000 🚀
2025-01-30 01:31:45 info: [0mGET /api/spot/list [32m200[0m 968.665 ms - 219[0m
2025-01-30 02:00:08 info: ======= Version: development =======
          🚀 server listening port: 3000 🚀
2025-01-30 02:00:09 info: [0mGET /api/spot/list [32m200[0m 758.026 ms - -[0m
2025-01-30 15:26:13 info: ======= Version: development =======
          🚀 server listening port: 3000 🚀
2025-01-30 15:26:16 info: [0mGET /api/spot/list [32m200[0m 817.684 ms - -[0m
2025-01-30 15:38:39 info: ======= Version: development =======
          🚀 server listening port: 3000 🚀
2025-01-30 15:39:07 info: ======= Version: development =======
          🚀 server listening port: 3000 🚀
2025-01-30 15:39:21 info: ======= Version: development =======
          🚀 server listening port: 3000 🚀
2025-01-30 15:39:25 error: ApiServiceFile.getBallance =>  Cannot read properties of undefined (reading '0')
2025-01-30 15:39:25 error: [GET] /api/spot/list >> StatusCode:: 505, Message:: Echec de la requete API
2025-01-30 15:39:25 info: [0mGET /api/spot/list [31m505[0m 933.766 ms - 35[0m
2025-01-30 15:39:45 info: ======= Version: development =======
          🚀 server listening port: 3000 🚀
2025-01-30 15:39:49 error: ApiServiceFile.getBallance =>  Cannot read properties of undefined (reading '0')
2025-01-30 15:39:49 error: [GET] /api/spot/list >> StatusCode:: 505, Message:: Echec de la requete API
2025-01-30 15:39:49 info: [0mGET /api/spot/list [31m505[0m 1688.314 ms - 35[0m
2025-01-30 15:42:49 info: ======= Version: development =======
          🚀 server listening port: 3000 🚀
2025-01-30 15:42:54 error: ApiServiceFile.getBallance =>  Cannot destructure property 'Symbol(Symbol.iterator)' of 'prices.find(...)' as it is undefined.
2025-01-30 15:42:54 error: [GET] /api/spot/list >> StatusCode:: 505, Message:: Echec de la requete API
2025-01-30 15:42:54 info: [0mGET /api/spot/list [31m505[0m 1107.440 ms - 35[0m
2025-01-30 15:43:26 info: ======= Version: development =======
          🚀 server listening port: 3000 🚀
2025-01-30 15:43:28 info: [0mGET /api/spot/list [32m200[0m 1090.334 ms - -[0m
2025-01-30 15:43:49 info: ======= Version: development =======
          🚀 server listening port: 3000 🚀
2025-01-30 15:44:00 info: ======= Version: development =======
          🚀 server listening port: 3000 🚀
2025-01-30 15:45:55 info: ======= Version: development =======
          🚀 server listening port: 3000 🚀
2025-01-30 15:47:28 info: ======= Version: development =======
          🚀 server listening port: 3000 🚀
2025-01-30 15:47:58 info: ======= Version: development =======
          🚀 server listening port: 3000 🚀
2025-01-30 15:48:30 info: ======= Version: development =======
          🚀 server listening port: 3000 🚀
2025-01-30 15:48:35 info: ======= Version: development =======
          🚀 server listening port: 3000 🚀
2025-01-30 15:48:39 info: ======= Version: development =======
          🚀 server listening port: 3000 🚀
2025-01-30 15:48:41 info: [0mGET /api/spot/list [32m200[0m 816.054 ms - -[0m
2025-01-30 15:49:40 info: ======= Version: development =======
          🚀 server listening port: 3000 🚀
2025-01-30 15:50:19 info: ======= Version: development =======
          🚀 server listening port: 3000 🚀
2025-01-30 16:05:38 info: ======= Version: development =======
          🚀 server listening port: 3000 🚀
2025-01-30 16:08:51 info: ======= Version: development =======
          🚀 server listening port: 3000 🚀
2025-01-30 16:10:06 info: ======= Version: development =======
          🚀 server listening port: 3000 🚀
2025-01-30 16:10:19 info: ======= Version: development =======
          🚀 server listening port: 3000 🚀
2025-01-30 16:10:26 info: ======= Version: development =======
          🚀 server listening port: 3000 🚀
2025-01-30 16:11:23 info: ======= Version: development =======
          🚀 server listening port: 3000 🚀
2025-01-30 16:11:38 info: ======= Version: development =======
          🚀 server listening port: 3000 🚀
2025-01-30 16:11:39 info: [0mGET /api/spot/list [32m200[0m 1327.264 ms - -[0m
2025-01-30 16:12:17 info: ======= Version: development =======
          🚀 server listening port: 3000 🚀
2025-01-30 16:12:52 info: ======= Version: development =======
          🚀 server listening port: 3000 🚀
2025-01-30 16:12:55 info: [0mGET /api/spot/list [32m200[0m 1613.901 ms - -[0m
2025-01-30 16:37:22 info: ======= Version: development =======
          🚀 server listening port: 3000 🚀
2025-01-30 16:38:12 info: ======= Version: development =======
          🚀 server listening port: 3000 🚀
2025-01-30 16:45:59 info: ======= Version: development =======
          🚀 server listening port: 3000 🚀
2025-01-30 16:46:08 info: ======= Version: development =======
          🚀 server listening port: 3000 🚀
2025-01-30 16:46:10 info: [0mGET /api/spot/list [32m200[0m 1342.845 ms - -[0m
2025-01-30 16:46:53 info: ======= Version: development =======
          🚀 server listening port: 3000 🚀
2025-01-30 16:47:07 info: ======= Version: development =======
          🚀 server listening port: 3000 🚀
2025-01-30 16:47:09 info: [0mGET /api/spot/list [32m200[0m 502.994 ms - -[0m
2025-01-30 16:53:21 info: ======= Version: development =======
          🚀 server listening port: 3000 🚀
2025-01-30 16:53:38 info: ======= Version: development =======
          🚀 server listening port: 3000 🚀
2025-01-30 16:53:56 info: ======= Version: development =======
          🚀 server listening port: 3000 🚀
2025-01-30 16:54:42 info: ======= Version: development =======
          🚀 server listening port: 3000 🚀
2025-01-30 16:55:02 info: ======= Version: development =======
          🚀 server listening port: 3000 🚀
2025-01-30 16:56:18 info: ======= Version: development =======
          🚀 server listening port: 3000 🚀
2025-01-30 16:58:45 info: ======= Version: development =======
          🚀 server listening port: 3000 🚀
2025-01-30 16:58:52 info: ======= Version: development =======
          🚀 server listening port: 3000 🚀
2025-01-30 16:58:54 info: [0mGET /api/spot/list [32m200[0m 1069.442 ms - -[0m
2025-01-30 16:59:45 info: ======= Version: development =======
          🚀 server listening port: 3000 🚀
2025-01-30 16:59:46 info: [0mGET /api/spot/list [32m200[0m 398.788 ms - 106[0m
2025-01-30 17:01:09 info: ======= Version: development =======
          🚀 server listening port: 3000 🚀
2025-01-30 17:02:14 info: ======= Version: development =======
          🚀 server listening port: 3000 🚀
2025-01-30 17:02:25 info: ======= Version: development =======
          🚀 server listening port: 3000 🚀
2025-01-30 17:02:27 info: [0mGET /api/spot/list [32m200[0m 644.534 ms - 626[0m
2025-01-30 17:03:36 info: ======= Version: development =======
          🚀 server listening port: 3000 🚀
2025-01-30 17:03:38 info: [0mGET /api/spot/list [32m200[0m 643.428 ms - 626[0m
2025-01-30 17:04:53 info: ======= Version: development =======
          🚀 server listening port: 3000 🚀
2025-01-30 17:05:08 info: ======= Version: development =======
          🚀 server listening port: 3000 🚀
2025-01-30 17:05:57 info: ======= Version: development =======
          🚀 server listening port: 3000 🚀
2025-01-30 17:05:59 info: [0mGET /api/spot/list [32m200[0m 165.052 ms - -[0m
2025-01-30 18:09:44 info: ======= Version: development =======
          🚀 server listening port: 3000 🚀
2025-01-30 18:09:45 info: [0mGET /api/spot/list [32m200[0m 1107.421 ms - -[0m
2025-01-30 18:42:35 info: ======= Version: development =======
          🚀 server listening port: 3000 🚀
2025-01-30 18:43:11 info: ======= Version: development =======
          🚀 server listening port: 3000 🚀
2025-01-30 18:43:59 info: ======= Version: development =======
          🚀 server listening port: 3000 🚀
2025-01-30 18:45:11 info: ======= Version: development =======
          🚀 server listening port: 3000 🚀
2025-01-30 18:45:14 info: ======= Version: development =======
          🚀 server listening port: 3000 🚀
2025-01-30 18:46:05 info: ======= Version: development =======
          🚀 server listening port: 3000 🚀
2025-01-30 18:46:22 info: ======= Version: development =======
          🚀 server listening port: 3000 🚀
2025-01-30 18:46:58 info: ======= Version: development =======
          🚀 server listening port: 3000 🚀
2025-01-30 18:47:04 info: ======= Version: development =======
          🚀 server listening port: 3000 🚀
2025-01-30 18:48:44 info: ======= Version: development =======
          🚀 server listening port: 3000 🚀
2025-01-30 18:49:24 info: ======= Version: development =======
          🚀 server listening port: 3000 🚀
2025-01-30 18:49:33 info: ======= Version: development =======
          🚀 server listening port: 3000 🚀
2025-01-30 18:55:46 info: ======= Version: development =======
          🚀 server listening port: 3000 🚀
2025-01-30 18:56:19 info: ======= Version: development =======
          🚀 server listening port: 3000 🚀
2025-01-30 19:07:30 info: ======= Version: development =======
          🚀 server listening port: 3000 🚀
2025-01-30 19:07:38 info: ======= Version: development =======
          🚀 server listening port: 3000 🚀
2025-01-30 19:11:18 info: ======= Version: development =======
          🚀 server listening port: 3000 🚀
2025-01-30 19:16:35 info: ======= Version: development =======
          🚀 server listening port: 3000 🚀
2025-01-30 19:20:14 info: ======= Version: development =======
          🚀 server listening port: 3000 🚀
2025-01-30 19:20:54 info: ======= Version: development =======
          🚀 server listening port: 3000 🚀
2025-01-30 19:21:51 info: ======= Version: development =======
          🚀 server listening port: 3000 🚀
2025-01-30 19:23:06 info: ======= Version: development =======
          🚀 server listening port: 3000 🚀
2025-01-30 19:26:54 info: ======= Version: development =======
          🚀 server listening port: 3000 🚀
2025-01-30 19:29:59 info: ======= Version: development =======
          🚀 server listening port: 3000 🚀
2025-01-30 19:33:14 info: ======= Version: development =======
          🚀 server listening port: 3000 🚀
2025-01-30 19:34:08 info: ======= Version: development =======
          🚀 server listening port: 3000 🚀
2025-01-30 19:37:07 info: ======= Version: development =======
          🚀 server listening port: 3000 🚀
2025-01-30 19:40:20 info: ======= Version: development =======
          🚀 server listening port: 3000 🚀
2025-01-30 19:47:19 info: ======= Version: development =======
          🚀 server listening port: 3000 🚀
2025-01-30 19:50:14 info: ======= Version: development =======
          🚀 server listening port: 3000 🚀
2025-01-30 19:50:32 info: ======= Version: development =======
          🚀 server listening port: 3000 🚀
2025-01-30 19:53:54 info: ======= Version: development =======
          🚀 server listening port: 3000 🚀
2025-01-30 19:54:25 info: ======= Version: development =======
          🚀 server listening port: 3000 🚀
2025-01-30 19:56:39 info: ======= Version: development =======
          🚀 server listening port: 3000 🚀
2025-01-30 19:56:47 info: ======= Version: development =======
          🚀 server listening port: 3000 🚀
2025-01-30 19:57:14 info: ======= Version: development =======
          🚀 server listening port: 3000 🚀
2025-01-30 20:00:38 info: ======= Version: development =======
          🚀 server listening port: 3000 🚀
2025-01-30 20:02:58 info: ======= Version: development =======
          🚀 server listening port: 3000 🚀
2025-01-30 20:05:09 info: ======= Version: development =======
          🚀 server listening port: 3000 🚀
2025-01-30 20:05:17 info: [0mGET /api/spot/list [32m200[0m 742.328 ms - -[0m
2025-01-30 20:05:28 info: ======= Version: development =======
          🚀 server listening port: 3000 🚀
2025-01-30 20:05:35 info: [0mGET /api/spot/list [32m200[0m 821.868 ms - -[0m
2025-01-30 20:11:11 info: ======= Version: development =======
          🚀 server listening port: 3000 🚀
2025-01-30 20:11:19 info: ======= Version: development =======
          🚀 server listening port: 3000 🚀
2025-01-30 20:11:51 info: ======= Version: development =======
          🚀 server listening port: 3000 🚀
2025-01-30 20:11:55 info: ======= Version: development =======
          🚀 server listening port: 3000 🚀
2025-01-30 20:14:21 info: ======= Version: development =======
          🚀 server listening port: 3000 🚀
2025-01-30 20:15:03 info: ======= Version: development =======
          🚀 server listening port: 3000 🚀
2025-01-30 20:15:37 info: ======= Version: development =======
          🚀 server listening port: 3000 🚀
2025-01-30 20:16:26 info: ======= Version: development =======
          🚀 server listening port: 3000 🚀
2025-01-30 20:16:31 info: [0mGET /api/spot/list [32m200[0m 992.934 ms - -[0m
2025-01-30 20:18:26 info: ======= Version: development =======
          🚀 server listening port: 3000 🚀
2025-01-30 20:18:29 info: [0mGET /api/spot/list [32m200[0m 755.490 ms - 2[0m
2025-01-30 20:18:32 info: [0mGET /api/spot/list [32m200[0m 688.049 ms - 2[0m
2025-01-30 20:18:52 info: ======= Version: development =======
          🚀 server listening port: 3000 🚀
2025-01-30 20:19:28 info: ======= Version: development =======
          🚀 server listening port: 3000 🚀
2025-01-30 20:20:02 info: ======= Version: development =======
          🚀 server listening port: 3000 🚀
2025-01-30 20:24:50 info: ======= Version: development =======
          🚀 server listening port: 3000 🚀
2025-01-30 20:25:07 info: ======= Version: development =======
          🚀 server listening port: 3000 🚀
2025-01-30 20:25:10 info: [0mGET /api/spot/list [32m200[0m 792.173 ms - 2[0m
2025-01-30 20:25:20 info: ======= Version: development =======
          🚀 server listening port: 3000 🚀
2025-01-30 20:25:25 info: [0mGET /api/spot/list [32m200[0m 771.858 ms - 2[0m
2025-01-30 20:25:46 info: ======= Version: development =======
          🚀 server listening port: 3000 🚀
2025-01-30 20:25:54 info: ======= Version: development =======
          🚀 server listening port: 3000 🚀
2025-01-30 20:26:47 info: ======= Version: development =======
          🚀 server listening port: 3000 🚀
2025-01-30 20:26:51 info: ======= Version: development =======
          🚀 server listening port: 3000 🚀
2025-01-30 20:26:54 info: ======= Version: development =======
          🚀 server listening port: 3000 🚀
2025-01-30 20:27:12 info: ======= Version: development =======
          🚀 server listening port: 3000 🚀
2025-01-30 20:28:11 info: ======= Version: development =======
          🚀 server listening port: 3000 🚀
2025-01-30 20:28:16 info: ======= Version: development =======
          🚀 server listening port: 3000 🚀
2025-01-30 20:28:32 info: [0mGET /api/spot/list [32m200[0m 1007.192 ms - 2[0m
2025-01-30 20:28:47 info: ======= Version: development =======
          🚀 server listening port: 3000 🚀
2025-01-30 20:28:55 info: [0mGET /api/spot/list [32m200[0m 1012.318 ms - 2[0m
2025-01-30 20:29:09 info: ======= Version: development =======
          🚀 server listening port: 3000 🚀
2025-01-30 20:29:14 info: [0mGET /api/spot/list [32m200[0m 1715.745 ms - 2[0m
2025-01-30 20:31:16 info: ======= Version: development =======
          🚀 server listening port: 3000 🚀
2025-01-30 20:31:22 info: ======= Version: development =======
          🚀 server listening port: 3000 🚀
2025-01-30 20:31:40 info: ======= Version: development =======
          🚀 server listening port: 3000 🚀
2025-01-30 20:31:46 info: [0mGET /api/spot/list [32m200[0m 954.955 ms - 2[0m
2025-01-30 20:32:03 info: ======= Version: development =======
          🚀 server listening port: 3000 🚀
2025-01-30 20:32:18 info: [0mGET /api/spot/list [32m200[0m 1220.008 ms - 2[0m
2025-01-30 20:32:35 info: ======= Version: development =======
          🚀 server listening port: 3000 🚀
2025-01-30 20:32:39 info: [0mGET /api/spot/list [32m200[0m 925.535 ms - 2[0m
2025-01-30 20:33:10 info: ======= Version: development =======
          🚀 server listening port: 3000 🚀
2025-01-30 20:33:12 info: [0mGET /api/spot/list [32m200[0m 927.746 ms - 2[0m
2025-01-30 20:33:29 info: ======= Version: development =======
          🚀 server listening port: 3000 🚀
2025-01-30 20:33:33 info: [0mGET /api/spot/list [32m200[0m 953.929 ms - 152[0m
2025-01-30 20:34:47 info: ======= Version: development =======
          🚀 server listening port: 3000 🚀
2025-01-30 20:36:21 info: ======= Version: development =======
          🚀 server listening port: 3000 🚀
2025-01-30 20:38:13 info: ======= Version: development =======
          🚀 server listening port: 3000 🚀
2025-01-30 20:38:16 info: ======= Version: development =======
          🚀 server listening port: 3000 🚀
2025-01-30 20:38:21 info: ======= Version: development =======
          🚀 server listening port: 3000 🚀
2025-01-30 20:38:33 info: ======= Version: development =======
          🚀 server listening port: 3000 🚀
2025-01-30 20:40:01 info: ======= Version: development =======
          🚀 server listening port: 3000 🚀
2025-01-30 20:40:12 info: ======= Version: development =======
          🚀 server listening port: 3000 🚀
2025-01-30 20:40:16 info: [0mGET /api/spot/list [32m200[0m 1003.202 ms - 2[0m
2025-01-30 20:41:33 info: ======= Version: development =======
          🚀 server listening port: 3000 🚀
2025-01-30 20:41:57 info: ======= Version: development =======
          🚀 server listening port: 3000 🚀
2025-01-30 20:46:30 info: ======= Version: development =======
          🚀 server listening port: 3000 🚀
2025-01-30 20:47:34 info: ======= Version: development =======
          🚀 server listening port: 3000 🚀
2025-01-30 20:48:03 info: ======= Version: development =======
          🚀 server listening port: 3000 🚀
2025-01-30 20:48:11 info: [0mGET /api/spot/list [32m200[0m 3177.306 ms - 2[0m
2025-01-30 20:51:01 info: ======= Version: development =======
          🚀 server listening port: 3000 🚀
2025-01-30 20:51:58 info: ======= Version: development =======
          🚀 server listening port: 3000 🚀
2025-01-30 21:53:10 info: ======= Version: development =======
          🚀 server listening port: 3000 🚀
2025-01-30 21:57:24 info: ======= Version: development =======
          🚀 server listening port: 3000 🚀
2025-01-30 21:57:36 info: ======= Version: development =======
          🚀 server listening port: 3000 🚀
2025-01-30 21:57:43 info: ======= Version: development =======
          🚀 server listening port: 3000 🚀
2025-01-30 21:58:13 info: ======= Version: development =======
          🚀 server listening port: 3000 🚀
2025-01-30 21:58:16 info: ======= Version: development =======
          🚀 server listening port: 3000 🚀
2025-01-30 21:58:28 error: AuthControllerFile.spotList =>  Cannot destructure property 'logo' of 'props.get(...)' as it is undefined.
2025-01-30 21:58:28 error: [GET] /api/spot/list >> StatusCode:: 500, Message:: Cannot destructure property 'logo' of 'props.get(...)' as it is undefined.
2025-01-30 21:58:28 info: [0mGET /api/spot/list [31m500[0m 3129.724 ms - 86[0m
2025-01-30 21:59:02 info: ======= Version: development =======
          🚀 server listening port: 3000 🚀
2025-01-30 21:59:06 info: [0mGET /api/spot/list [32m200[0m 2938.789 ms - 303[0m
2025-01-30 22:00:43 info: ======= Version: development =======
          🚀 server listening port: 3000 🚀
2025-01-30 22:06:00 info: ======= Version: development =======
          🚀 server listening port: 3000 🚀
2025-01-30 22:06:48 info: ======= Version: development =======
          🚀 server listening port: 3000 🚀
2025-01-30 22:06:57 info: ======= Version: development =======
          🚀 server listening port: 3000 🚀
2025-01-30 22:07:13 error: AuthControllerFile.spotList =>  Request failed with status code 400
2025-01-30 22:07:13 error: [GET] /api/spot/list >> StatusCode:: 400, Message:: Request failed with status code 400
2025-01-30 22:07:13 info: [0mGET /api/spot/list [33m400[0m 978.820 ms - 47[0m
2025-01-30 22:09:20 info: ======= Version: development =======
          🚀 server listening port: 3000 🚀
2025-01-30 22:09:26 info: ======= Version: development =======
          🚀 server listening port: 3000 🚀
2025-01-30 22:09:28 info: ======= Version: development =======
          🚀 server listening port: 3000 🚀
2025-01-30 22:10:04 info: ======= Version: development =======
          🚀 server listening port: 3000 🚀
2025-01-30 22:10:06 info: ======= Version: development =======
          🚀 server listening port: 3000 🚀
2025-01-30 22:10:11 info: ======= Version: development =======
          🚀 server listening port: 3000 🚀
2025-01-30 22:10:31 info: ======= Version: development =======
          🚀 server listening port: 3000 🚀
2025-01-30 22:10:44 error: 
2025-01-30 22:10:44 error: TokenServiceFile.metadata =>  Cannot convert undefined or null to object
2025-01-30 22:10:44 error: [GET] /api/spot/list >> StatusCode:: 505, Message:: Echec de la requete API
2025-01-30 22:10:44 info: [0mGET /api/spot/list [31m505[0m 1165.106 ms - 35[0m
2025-01-30 22:11:48 info: ======= Version: development =======
          🚀 server listening port: 3000 🚀
2025-01-30 22:11:59 info: ======= Version: development =======
          🚀 server listening port: 3000 🚀
2025-01-30 22:12:53 info: ======= Version: development =======
          🚀 server listening port: 3000 🚀
2025-01-30 22:12:57 info: ======= Version: development =======
          🚀 server listening port: 3000 🚀
2025-01-30 22:13:13 error: TokenServiceFile.metadata =>  Request failed with status code 400
2025-01-30 22:13:13 error: TokenServiceFile.metadata =>  Echec de la requete API
2025-01-30 22:13:13 error: [GET] /api/spot/list >> StatusCode:: 505, Message:: Echec de la requete API
2025-01-30 22:13:13 info: [0mGET /api/spot/list [31m505[0m 1012.089 ms - 35[0m
2025-01-30 22:14:04 info: ======= Version: development =======
          🚀 server listening port: 3000 🚀
2025-01-30 22:14:08 info: ======= Version: development =======
          🚀 server listening port: 3000 🚀
2025-01-30 22:14:12 error: TokenServiceFile.metadata =>  Request failed with status code 400
2025-01-30 22:14:12 error: TokenServiceFile.metadata =>  Echec de la requete API
2025-01-30 22:14:12 error: [GET] /api/spot/list >> StatusCode:: 505, Message:: Echec de la requete API
2025-01-30 22:14:12 info: [0mGET /api/spot/list [31m505[0m 971.453 ms - 35[0m
2025-01-30 22:14:22 info: ======= Version: development =======
          🚀 server listening port: 3000 🚀
2025-01-30 22:14:38 error: TokenServiceFile.metadata =>  Request failed with status code 400
2025-01-30 22:14:38 error: TokenServiceFile.metadata =>  Echec de la requete API
2025-01-30 22:14:38 error: [GET] /api/spot/list >> StatusCode:: 505, Message:: Echec de la requete API
2025-01-30 22:14:38 info: [0mGET /api/spot/list [31m505[0m 5121.651 ms - 35[0m
2025-01-30 22:15:07 info: ======= Version: development =======
          🚀 server listening port: 3000 🚀
2025-01-30 22:15:11 error: TokenServiceFile.metadata =>  Request failed with status code 400
2025-01-30 22:15:11 error: TokenServiceFile.metadata =>  Echec de la requete API
2025-01-30 22:15:11 error: [GET] /api/spot/list >> StatusCode:: 505, Message:: Echec de la requete API
2025-01-30 22:15:11 info: [0mGET /api/spot/list [31m505[0m 997.332 ms - 35[0m
2025-01-30 22:15:20 info: ======= Version: development =======
          🚀 server listening port: 3000 🚀
2025-01-30 22:15:24 error: TokenServiceFile.metadata =>  Request failed with status code 400
2025-01-30 22:15:24 error: TokenServiceFile.metadata =>  Echec de la requete API
2025-01-30 22:15:24 error: [GET] /api/spot/list >> StatusCode:: 505, Message:: Echec de la requete API
2025-01-30 22:15:24 info: [0mGET /api/spot/list [31m505[0m 3105.776 ms - 35[0m
2025-01-30 22:15:32 info: ======= Version: development =======
          🚀 server listening port: 3000 🚀
2025-01-30 22:15:36 error: TokenServiceFile.metadata =>  Request failed with status code 400
2025-01-30 22:15:36 error: TokenServiceFile.metadata =>  Echec de la requete API
2025-01-30 22:15:36 error: [GET] /api/spot/list >> StatusCode:: 505, Message:: Echec de la requete API
2025-01-30 22:15:36 info: [0mGET /api/spot/list [31m505[0m 2987.849 ms - 35[0m
2025-01-30 22:15:55 info: ======= Version: development =======
          🚀 server listening port: 3000 🚀
2025-01-30 22:16:01 info: ======= Version: development =======
          🚀 server listening port: 3000 🚀
2025-01-30 22:16:07 error: TokenServiceFile.metadata =>  Request failed with status code 400
2025-01-30 22:16:07 error: TokenServiceFile.metadata =>  Echec de la requete API
2025-01-30 22:16:07 error: [GET] /api/spot/list >> StatusCode:: 505, Message:: Echec de la requete API
2025-01-30 22:16:07 info: [0mGET /api/spot/list [31m505[0m 3952.197 ms - 35[0m
2025-01-30 22:16:27 info: ======= Version: development =======
          🚀 server listening port: 3000 🚀
2025-01-30 22:16:41 info: ======= Version: development =======
          🚀 server listening port: 3000 🚀
2025-01-30 22:16:46 error: TokenServiceFile.metadata =>  Request failed with status code 400
2025-01-30 22:16:46 error: TokenServiceFile.metadata =>  Echec de la requete API
2025-01-30 22:16:46 error: [GET] /api/spot/list >> StatusCode:: 505, Message:: Echec de la requete API
2025-01-30 22:16:46 info: [0mGET /api/spot/list [31m505[0m 3898.465 ms - 35[0m
2025-01-30 23:49:06 info: ======= Version: development =======
          🚀 server listening port: 3000 🚀
2025-01-30 23:49:27 error: TokenServiceFile.metadata =>  Request failed with status code 400
2025-01-30 23:49:27 error: TokenServiceFile.metadata =>  Echec de la requete API
2025-01-30 23:49:27 error: [GET] /api/spot/list >> StatusCode:: 505, Message:: Echec de la requete API
2025-01-30 23:49:27 info: [0mGET /api/spot/list [31m505[0m 3947.191 ms - 35[0m
2025-01-30 23:53:23 info: ======= Version: development =======
          🚀 server listening port: 3000 🚀
2025-01-30 23:54:12 info: ======= Version: development =======
          🚀 server listening port: 3000 🚀
2025-01-30 23:55:19 info: ======= Version: development =======
          🚀 server listening port: 3000 🚀
2025-01-30 23:55:35 info: ======= Version: development =======
          🚀 server listening port: 3000 🚀
2025-01-30 23:56:31 error: TokenServiceFile.metadata =>  Request failed with status code 400
2025-01-30 23:56:31 error: TokenServiceFile.metadata =>  Echec de la requete API
2025-01-30 23:56:31 error: [GET] /api/spot/list >> StatusCode:: 505, Message:: Echec de la requete API
2025-01-30 23:56:31 info: [0mGET /api/spot/list [31m505[0m 7863.257 ms - 35[0m
2025-01-30 23:57:15 info: ======= Version: development =======
          🚀 server listening port: 3000 🚀
2025-01-30 23:57:28 info: ======= Version: development =======
          🚀 server listening port: 3000 🚀
2025-01-30 23:57:35 error: TokenServiceFile.metadata =>  Request failed with status code 400
2025-01-30 23:57:35 error: TokenServiceFile.metadata =>  Echec de la requete API
2025-01-30 23:57:35 error: [GET] /api/spot/list >> StatusCode:: 505, Message:: Echec de la requete API
2025-01-30 23:57:35 info: [0mGET /api/spot/list [31m505[0m 2939.678 ms - 35[0m
2025-01-30 23:57:46 info: ======= Version: development =======
          🚀 server listening port: 3000 🚀
2025-01-30 23:58:39 info: ======= Version: development =======
          🚀 server listening port: 3000 🚀
2025-01-30 23:59:01 info: [0mGET /api/spot/list [32m200[0m 8964.571 ms - -[0m
