2025-01-29 00:49:52 info: ======= Version: development =======
          🚀 server listening port: 3000 🚀
2025-01-29 00:50:11 info: ======= Version: development =======
          🚀 server listening port: 3000 🚀
2025-01-29 00:50:16 info: [0mGET /api/spot/list [32m200[0m 356.817 ms - -[0m
2025-01-29 14:22:23 info: ======= Version: development =======
          🚀 server listening port: 3000 🚀
2025-01-29 14:22:35 error: ApiServiceFile.getBallance =>  Cannot read properties of undefined (reading 'chain')
2025-01-29 14:22:35 error: [GET] /api/spot/list >> StatusCode:: 505, Message:: Echec de la requete API
2025-01-29 14:22:35 info: [0mGET /api/spot/list [31m505[0m 676.756 ms - 35[0m
2025-01-29 14:22:50 info: ======= Version: development =======
          🚀 server listening port: 3000 🚀
2025-01-29 14:23:01 info: ======= Version: development =======
          🚀 server listening port: 3000 🚀
2025-01-29 14:23:05 error: ApiServiceFile.getBallance =>  Cannot read properties of undefined (reading 'chains')
2025-01-29 14:23:05 error: [GET] /api/spot/list >> StatusCode:: 505, Message:: Echec de la requete API
2025-01-29 14:23:05 info: [0mGET /api/spot/list [31m505[0m 923.811 ms - 35[0m
2025-01-29 14:23:10 info: ======= Version: development =======
          🚀 server listening port: 3000 🚀
2025-01-29 14:23:22 error: ApiServiceFile.getBallance =>  Cannot read properties of undefined (reading 'chains')
2025-01-29 14:23:22 error: [GET] /api/spot/list >> StatusCode:: 505, Message:: Echec de la requete API
2025-01-29 14:23:22 info: [0mGET /api/spot/list [31m505[0m 682.136 ms - 35[0m
2025-01-29 14:23:37 info: ======= Version: development =======
          🚀 server listening port: 3000 🚀
2025-01-29 14:23:39 error: ApiServiceFile.getBallance =>  Cannot read properties of undefined (reading 'chains')
2025-01-29 14:23:39 error: [GET] /api/spot/list >> StatusCode:: 505, Message:: Echec de la requete API
2025-01-29 14:23:39 info: [0mGET /api/spot/list [31m505[0m 670.319 ms - 35[0m
2025-01-29 14:23:58 info: ======= Version: development =======
          🚀 server listening port: 3000 🚀
2025-01-29 14:24:03 info: ======= Version: development =======
          🚀 server listening port: 3000 🚀
2025-01-29 14:24:06 error: ApiServiceFile.getBallance =>  Cannot read properties of undefined (reading 'chain')
2025-01-29 14:24:06 error: [GET] /api/spot/list >> StatusCode:: 505, Message:: Echec de la requete API
2025-01-29 14:24:06 info: [0mGET /api/spot/list [31m505[0m 712.650 ms - 35[0m
2025-01-29 14:24:20 info: ======= Version: development =======
          🚀 server listening port: 3000 🚀
2025-01-29 14:24:23 error: ApiServiceFile.getBallance =>  Cannot read properties of undefined (reading 'chain')
2025-01-29 14:24:23 error: [GET] /api/spot/list >> StatusCode:: 505, Message:: Echec de la requete API
2025-01-29 14:24:23 info: [0mGET /api/spot/list [31m505[0m 718.087 ms - 35[0m
2025-01-29 14:25:15 info: ======= Version: development =======
          🚀 server listening port: 3000 🚀
2025-01-29 14:25:20 error: ApiServiceFile.getBallance =>  Cannot read properties of undefined (reading 'chain')
2025-01-29 14:25:20 error: [GET] /api/spot/list >> StatusCode:: 505, Message:: Echec de la requete API
2025-01-29 14:25:20 info: [0mGET /api/spot/list [31m505[0m 683.371 ms - 35[0m
2025-01-29 14:26:09 info: ======= Version: development =======
          🚀 server listening port: 3000 🚀
2025-01-29 14:26:15 info: ======= Version: development =======
          🚀 server listening port: 3000 🚀
2025-01-29 14:26:23 info: ======= Version: development =======
          🚀 server listening port: 3000 🚀
2025-01-29 14:26:50 info: ======= Version: development =======
          🚀 server listening port: 3000 🚀
2025-01-29 14:26:52 error: ApiServiceFile.getBallance =>  Cannot read properties of undefined (reading 'chain')
2025-01-29 14:26:52 error: [GET] /api/spot/list >> StatusCode:: 505, Message:: Echec de la requete API
2025-01-29 14:26:52 info: [0mGET /api/spot/list [31m505[0m 691.621 ms - 35[0m
2025-01-29 14:27:19 info: ======= Version: development =======
          🚀 server listening port: 3000 🚀
2025-01-29 14:27:22 error: ApiServiceFile.getBallance =>  Cannot read properties of undefined (reading 'chain')
2025-01-29 14:27:22 error: [GET] /api/spot/list >> StatusCode:: 505, Message:: Echec de la requete API
2025-01-29 14:27:22 info: [0mGET /api/spot/list [31m505[0m 726.652 ms - 35[0m
2025-01-29 14:27:37 info: ======= Version: development =======
          🚀 server listening port: 3000 🚀
2025-01-29 14:27:43 info: ======= Version: development =======
          🚀 server listening port: 3000 🚀
2025-01-29 14:27:46 error: ApiServiceFile.getBallance =>  Cannot read properties of undefined (reading 'chain')
2025-01-29 14:27:46 error: [GET] /api/spot/list >> StatusCode:: 505, Message:: Echec de la requete API
2025-01-29 14:27:46 info: [0mGET /api/spot/list [31m505[0m 763.925 ms - 35[0m
2025-01-29 14:27:59 info: ======= Version: development =======
          🚀 server listening port: 3000 🚀
2025-01-29 14:28:31 info: ======= Version: development =======
          🚀 server listening port: 3000 🚀
2025-01-29 14:28:34 info: ======= Version: development =======
          🚀 server listening port: 3000 🚀
2025-01-29 14:28:36 error: ApiServiceFile.getBallance =>  Cannot read properties of undefined (reading 'chain')
2025-01-29 14:28:36 error: [GET] /api/spot/list >> StatusCode:: 505, Message:: Echec de la requete API
2025-01-29 14:28:36 info: [0mGET /api/spot/list [31m505[0m 674.498 ms - 35[0m
2025-01-29 14:28:53 info: ======= Version: development =======
          🚀 server listening port: 3000 🚀
2025-01-29 14:29:07 info: ======= Version: development =======
          🚀 server listening port: 3000 🚀
2025-01-29 14:29:11 info: [0mGET /api/spot/list [32m200[0m 781.992 ms - -[0m
2025-01-29 14:30:23 info: ======= Version: development =======
          🚀 server listening port: 3000 🚀
2025-01-29 14:30:25 info: [0mGET /api/spot/list [32m200[0m 967.209 ms - -[0m
2025-01-29 14:30:32 info: ======= Version: development =======
          🚀 server listening port: 3000 🚀
2025-01-29 14:30:35 info: [0mGET /api/spot/list [32m200[0m 726.137 ms - -[0m
2025-01-29 14:35:41 info: ======= Version: development =======
          🚀 server listening port: 3000 🚀
2025-01-29 14:35:45 info: [0mGET /api/spot/list [32m200[0m 969.265 ms - 204[0m
2025-01-29 14:35:58 info: ======= Version: development =======
          🚀 server listening port: 3000 🚀
2025-01-29 14:36:01 info: [0mGET /api/spot/list [32m200[0m 830.820 ms - -[0m
2025-01-29 14:36:46 info: ======= Version: development =======
          🚀 server listening port: 3000 🚀
2025-01-29 14:36:47 info: [0mGET /api/spot/list [32m200[0m 779.211 ms - -[0m
2025-01-29 14:37:05 info: ======= Version: development =======
          🚀 server listening port: 3000 🚀
2025-01-29 14:37:09 info: [0mGET /api/spot/list [32m200[0m 739.740 ms - -[0m
2025-01-29 14:37:21 info: ======= Version: development =======
          🚀 server listening port: 3000 🚀
2025-01-29 14:37:23 info: [0mGET /api/spot/list [32m200[0m 835.585 ms - -[0m
2025-01-29 14:38:44 info: ======= Version: development =======
          🚀 server listening port: 3000 🚀
2025-01-29 14:38:54 info: ======= Version: development =======
          🚀 server listening port: 3000 🚀
2025-01-29 16:13:16 info: ======= Version: development =======
          🚀 server listening port: 3000 🚀
2025-01-29 16:16:20 info: ======= Version: development =======
          🚀 server listening port: 3000 🚀
2025-01-29 16:16:43 info: ======= Version: development =======
          🚀 server listening port: 3000 🚀
2025-01-29 16:21:04 info: ======= Version: development =======
          🚀 server listening port: 3000 🚀
2025-01-29 16:21:10 info: [0mGET /api/spot/list [32m200[0m 751.439 ms - -[0m
2025-01-29 16:26:40 info: ======= Version: development =======
          🚀 server listening port: 3000 🚀
2025-01-29 16:26:45 info: ======= Version: development =======
          🚀 server listening port: 3000 🚀
2025-01-29 16:26:48 info: [0mGET /api/spot/list [32m200[0m 996.099 ms - -[0m
2025-01-29 16:27:45 info: ======= Version: development =======
          🚀 server listening port: 3000 🚀
2025-01-29 16:27:48 info: ======= Version: development =======
          🚀 server listening port: 3000 🚀
2025-01-29 16:27:51 info: [0mGET /api/spot/list [32m200[0m 764.844 ms - -[0m
2025-01-29 16:28:42 info: ======= Version: development =======
          🚀 server listening port: 3000 🚀
2025-01-29 16:29:01 info: ======= Version: development =======
          🚀 server listening port: 3000 🚀
2025-01-29 16:29:03 info: [0mGET /api/spot/list [32m200[0m 788.788 ms - -[0m
2025-01-29 16:31:00 info: ======= Version: development =======
          🚀 server listening port: 3000 🚀
2025-01-29 16:31:22 info: ======= Version: development =======
          🚀 server listening port: 3000 🚀
2025-01-29 16:31:26 info: [0mGET /api/spot/list [32m200[0m 786.405 ms - 21[0m
2025-01-29 16:31:41 info: ======= Version: development =======
          🚀 server listening port: 3000 🚀
2025-01-29 16:31:44 info: [0mGET /api/spot/list [32m200[0m 775.946 ms - 21[0m
2025-01-29 16:32:35 info: ======= Version: development =======
          🚀 server listening port: 3000 🚀
2025-01-29 16:32:38 info: [0mGET /api/spot/list [32m200[0m 753.857 ms - -[0m
2025-01-29 16:35:29 info: ======= Version: development =======
          🚀 server listening port: 3000 🚀
2025-01-29 16:35:56 info: ======= Version: development =======
          🚀 server listening port: 3000 🚀
2025-01-29 16:35:59 error: AuthControllerFile.register =>  [C0005] Invalid provided chain, value must be a positive number, or a hex-string starting with '0x'
2025-01-29 16:35:59 error: [GET] /api/spot/list >> StatusCode:: 500, Message:: [C0005] Invalid provided chain, value must be a positive number, or a hex-string starting with '0x'
2025-01-29 16:35:59 info: [0mGET /api/spot/list [31m500[0m 840.244 ms - 111[0m
2025-01-29 17:59:53 info: ======= Version: development =======
          🚀 server listening port: 3000 🚀
2025-01-29 18:00:37 info: ======= Version: development =======
          🚀 server listening port: 3000 🚀
2025-01-29 18:00:39 info: [0mGET /api/spot/list [32m200[0m 789.945 ms - -[0m
2025-01-29 18:00:56 info: ======= Version: development =======
          🚀 server listening port: 3000 🚀
2025-01-29 18:00:59 info: ======= Version: development =======
          🚀 server listening port: 3000 🚀
2025-01-29 18:01:01 info: [0mGET /api/spot/list [32m200[0m 894.534 ms - -[0m
2025-01-29 18:04:00 info: ======= Version: development =======
          🚀 server listening port: 3000 🚀
2025-01-29 18:04:39 error: AuthControllerFile.register =>  [C0005] Invalid provided chain, value must be a positive number, or a hex-string starting with '0x'
2025-01-29 18:04:39 error: [GET] /api/spot/list >> StatusCode:: 500, Message:: [C0005] Invalid provided chain, value must be a positive number, or a hex-string starting with '0x'
2025-01-29 18:04:39 info: [0mGET /api/spot/list [31m500[0m 802.899 ms - 111[0m
2025-01-29 18:08:43 info: ======= Version: development =======
          🚀 server listening port: 3000 🚀
2025-01-29 18:08:45 info: [0mGET /api/spot/list [32m200[0m 1017.861 ms - -[0m
2025-01-29 18:10:06 info: ======= Version: development =======
          🚀 server listening port: 3000 🚀
2025-01-29 18:10:14 info: [0mGET /api/spot/list [32m200[0m 784.265 ms - -[0m
2025-01-29 18:12:56 info: ======= Version: development =======
          🚀 server listening port: 3000 🚀
2025-01-29 18:13:32 info: ======= Version: development =======
          🚀 server listening port: 3000 🚀
2025-01-29 18:13:36 error: AuthControllerFile.register =>  [C0006] Request failed, Bad Request(400): chain must be a valid enum value
2025-01-29 18:13:36 error: [GET] /api/spot/list >> StatusCode:: 500, Message:: [C0006] Request failed, Bad Request(400): chain must be a valid enum value
2025-01-29 18:13:36 info: [0mGET /api/spot/list [31m500[0m 797.820 ms - 86[0m
2025-01-29 18:16:59 info: ======= Version: development =======
          🚀 server listening port: 3000 🚀
2025-01-29 18:17:11 error: AuthControllerFile.register =>  [C0006] Request failed, Internal Server Error(500): Unknown error occurred. Please try again or contact support.
2025-01-29 18:17:11 error: [GET] /api/spot/list >> StatusCode:: 500, Message:: [C0006] Request failed, Internal Server Error(500): Unknown error occurred. Please try again or contact support.
2025-01-29 18:17:11 info: [0mGET /api/spot/list [31m500[0m 10710.694 ms - 124[0m
2025-01-29 18:17:17 error: AuthControllerFile.register =>  [C0009] Modules are started already. This method should be called only one time.
2025-01-29 18:17:17 error: [GET] /api/spot/list >> StatusCode:: 500, Message:: [C0009] Modules are started already. This method should be called only one time.
2025-01-29 18:17:17 info: [0mGET /api/spot/list [31m500[0m 4.322 ms - 92[0m
2025-01-29 18:17:54 info: ======= Version: development =======
          🚀 server listening port: 3000 🚀
2025-01-29 18:18:21 error: AuthControllerFile.spotList =>  [C0006] Request failed: timeout of 20000ms exceeded
2025-01-29 18:18:21 error: [GET] /api/spot/list >> StatusCode:: 500, Message:: [C0006] Request failed: timeout of 20000ms exceeded
2025-01-29 18:18:21 info: [0mGET /api/spot/list [31m500[0m 25242.937 ms - 63[0m
2025-01-29 18:20:10 info: ======= Version: development =======
          🚀 server listening port: 3000 🚀
2025-01-29 18:20:16 info: ======= Version: development =======
          🚀 server listening port: 3000 🚀
2025-01-29 18:20:28 info: [0mGET /api/spot/list [32m200[0m 6228.600 ms - -[0m
2025-01-29 18:21:11 info: ======= Version: development =======
          🚀 server listening port: 3000 🚀
2025-01-29 18:21:27 error: AuthControllerFile.spotList =>  [C0006] Request failed, Internal Server Error(500): Unknown error occurred. Please try again or contact support.
2025-01-29 18:21:27 error: [GET] /api/spot/list >> StatusCode:: 500, Message:: [C0006] Request failed, Internal Server Error(500): Unknown error occurred. Please try again or contact support.
2025-01-29 18:21:27 info: [0mGET /api/spot/list [31m500[0m 10427.348 ms - 124[0m
2025-01-29 18:24:56 info: ======= Version: development =======
          🚀 server listening port: 3000 🚀
2025-01-29 18:25:17 error: AuthControllerFile.spotList =>  [C0006] Request failed: timeout of 20000ms exceeded
2025-01-29 18:25:17 error: [GET] /api/spot/list >> StatusCode:: 500, Message:: [C0006] Request failed: timeout of 20000ms exceeded
2025-01-29 18:25:17 info: [0mGET /api/spot/list [31m500[0m 20083.885 ms - 63[0m
2025-01-29 18:28:56 info: ======= Version: development =======
          🚀 server listening port: 3000 🚀
2025-01-29 19:36:49 info: ======= Version: development =======
          🚀 server listening port: 3000 🚀
2025-01-29 19:36:57 info: ======= Version: development =======
          🚀 server listening port: 3000 🚀
2025-01-29 19:37:12 info: ======= Version: development =======
          🚀 server listening port: 3000 🚀
2025-01-29 19:39:16 info: ======= Version: development =======
          🚀 server listening port: 3000 🚀
2025-01-29 19:39:23 info: [0mGET /api/spot/list [32m200[0m 148.714 ms - -[0m
2025-01-29 19:39:36 info: ======= Version: development =======
          🚀 server listening port: 3000 🚀
2025-01-29 19:39:37 info: [0mGET /api/spot/list [32m200[0m 135.681 ms - 2[0m
2025-01-29 19:39:58 info: ======= Version: development =======
          🚀 server listening port: 3000 🚀
2025-01-29 19:40:00 info: [0mGET /api/spot/list [32m200[0m 139.043 ms - 2[0m
2025-01-29 19:40:11 info: ======= Version: development =======
          🚀 server listening port: 3000 🚀
2025-01-29 19:40:15 info: [0mGET /api/spot/list [32m200[0m 327.642 ms - 73[0m
2025-01-29 19:40:31 info: ======= Version: development =======
          🚀 server listening port: 3000 🚀
2025-01-29 19:40:34 info: [0mGET /api/spot/list [32m200[0m 800.240 ms - -[0m
2025-01-29 19:41:15 info: ======= Version: development =======
          🚀 server listening port: 3000 🚀
2025-01-29 19:41:16 info: [0mGET /api/spot/list [32m200[0m 130.229 ms - 2[0m
2025-01-29 19:46:15 info: ======= Version: development =======
          🚀 server listening port: 3000 🚀
2025-01-29 19:47:14 info: ======= Version: development =======
          🚀 server listening port: 3000 🚀
2025-01-29 19:47:32 info: ======= Version: development =======
          🚀 server listening port: 3000 🚀
2025-01-29 19:47:33 info: [0mGET /api/spot/list [32m200[0m 627.943 ms - 423[0m
2025-01-29 19:47:53 info: ======= Version: development =======
          🚀 server listening port: 3000 🚀
2025-01-29 19:48:16 info: ======= Version: development =======
          🚀 server listening port: 3000 🚀
2025-01-29 19:48:32 info: ======= Version: development =======
          🚀 server listening port: 3000 🚀
2025-01-29 19:48:34 error: AuthControllerFile.spotList =>  [C0005] Invalid provided chain, value must be a positive number, or a hex-string starting with '0x'
2025-01-29 19:48:34 error: [GET] /api/spot/list >> StatusCode:: 500, Message:: [C0005] Invalid provided chain, value must be a positive number, or a hex-string starting with '0x'
2025-01-29 19:48:34 info: [0mGET /api/spot/list [31m500[0m 11.632 ms - 111[0m
2025-01-29 19:48:42 info: ======= Version: development =======
          🚀 server listening port: 3000 🚀
2025-01-29 19:48:44 error: AuthControllerFile.spotList =>  [C0005] Invalid provided chain, value must be a positive number, or a hex-string starting with '0x'
2025-01-29 19:48:44 error: [GET] /api/spot/list >> StatusCode:: 500, Message:: [C0005] Invalid provided chain, value must be a positive number, or a hex-string starting with '0x'
2025-01-29 19:48:44 info: [0mGET /api/spot/list [31m500[0m 10.432 ms - 111[0m
2025-01-29 19:49:10 info: ======= Version: development =======
          🚀 server listening port: 3000 🚀
2025-01-29 19:49:12 info: [0mGET /api/spot/list [32m200[0m 793.089 ms - -[0m
2025-01-29 19:52:21 info: ======= Version: development =======
          🚀 server listening port: 3000 🚀
2025-01-29 19:53:32 info: ======= Version: development =======
          🚀 server listening port: 3000 🚀
2025-01-29 19:53:35 error: ApiServiceFile.getBallance =>  data.find is not a function
2025-01-29 19:53:35 error: [GET] /api/spot/list >> StatusCode:: 505, Message:: Echec de la requete API
2025-01-29 19:53:35 info: [0mGET /api/spot/list [31m505[0m 891.951 ms - 35[0m
2025-01-29 19:53:45 error: ApiServiceFile.getBallance =>  data.find is not a function
2025-01-29 19:53:45 error: [GET] /api/spot/list >> StatusCode:: 505, Message:: Echec de la requete API
2025-01-29 19:53:45 info: [0mGET /api/spot/list [31m505[0m 836.450 ms - 35[0m
2025-01-29 19:54:05 info: ======= Version: development =======
          🚀 server listening port: 3000 🚀
2025-01-29 19:54:08 info: [0mGET /api/spot/list [32m200[0m 796.729 ms - -[0m
2025-01-29 20:14:37 info: ======= Version: development =======
          🚀 server listening port: 3000 🚀
