2025-02-18 00:01:15 info: ======= Version: development =======
          🚀 server listening port: 3000 🚀
2025-02-18 00:01:17 error: MarginServiceFile.repaySymbol =>  Request failed with status code 400
2025-02-18 00:01:17 error: [GET] /api/margin/risk >> StatusCode:: 505, Message:: Failed to repay symbol
2025-02-18 00:01:17 info: [0mGET /api/margin/risk [31m505[0m 380.527 ms - 34[0m
2025-02-18 00:16:39 info: ======= Version: development =======
          🚀 server listening port: 3000 🚀
2025-02-18 00:16:55 error: MarginServiceFile.repaySymbol =>  Request failed with status code 400
2025-02-18 00:16:55 error: [GET] /api/margin/risk >> StatusCode:: 505, Message:: Failed to repay symbol
2025-02-18 00:16:55 info: [0mGET /api/margin/risk [31m505[0m 456.649 ms - 34[0m
2025-02-18 00:18:33 info: ======= Version: development =======
          🚀 server listening port: 3000 🚀
2025-02-18 00:19:01 info: ======= Version: development =======
          🚀 server listening port: 3000 🚀
2025-02-18 00:19:06 info: ======= Version: development =======
          🚀 server listening port: 3000 🚀
2025-02-18 00:19:22 info: ======= Version: development =======
          🚀 server listening port: 3000 🚀
2025-02-18 00:19:30 info: ======= Version: development =======
          🚀 server listening port: 3000 🚀
2025-02-18 00:19:31 error: MarginServiceFile.repaySymbol =>  Request failed with status code 400
2025-02-18 00:19:31 error: [GET] /api/margin/risk >> StatusCode:: 505, Message:: Failed to repay symbol
2025-02-18 00:19:31 info: [0mGET /api/margin/risk [31m505[0m 388.767 ms - 34[0m
2025-02-18 00:23:28 error: MarginServiceFile.repaySymbol =>  Request failed with status code 400
2025-02-18 00:23:28 error: [GET] /api/margin/risk >> StatusCode:: 505, Message:: Failed to repay symbol
2025-02-18 00:23:28 info: [0mGET /api/margin/risk [31m505[0m 306.666 ms - 34[0m
2025-02-18 00:23:35 info: [0mGET /api/margin/risk [32m200[0m 295.706 ms - 2[0m
2025-02-18 00:24:08 info: ======= Version: development =======
          🚀 server listening port: 3000 🚀
2025-02-18 00:24:09 error: MarginServiceFile.repaySymbol =>  Request failed with status code 400
2025-02-18 00:24:09 error: [GET] /api/margin/risk >> StatusCode:: 505, Message:: Failed to repay symbol
2025-02-18 00:24:10 info: [0mGET /api/margin/risk [31m505[0m 365.150 ms - 34[0m
2025-02-18 10:56:50 info: ======= Version: development =======
          🚀 server listening port: 3000 🚀
2025-02-18 10:57:22 info: ======= Version: development =======
          🚀 server listening port: 3000 🚀
2025-02-18 10:57:27 info: [0mGET /api/margin/risk [32m200[0m 392.222 ms - 618[0m
2025-02-18 11:01:12 info: ======= Version: development =======
          🚀 server listening port: 3000 🚀
2025-02-18 11:01:29 info: ======= Version: development =======
          🚀 server listening port: 3000 🚀
2025-02-18 11:01:35 info: ======= Version: development =======
          🚀 server listening port: 3000 🚀
2025-02-18 11:01:58 info: ======= Version: development =======
          🚀 server listening port: 3000 🚀
2025-02-18 11:02:00 info: [0mGET /api/margin/risk [32m200[0m 387.998 ms - 737[0m
2025-02-18 11:03:16 info: ======= Version: development =======
          🚀 server listening port: 3000 🚀
2025-02-18 11:03:19 info: [0mGET /api/margin/risk [32m200[0m 394.428 ms - -[0m
2025-02-18 11:26:36 info: ======= Version: development =======
          🚀 server listening port: 3000 🚀
2025-02-18 11:26:42 info: ======= Version: development =======
          🚀 server listening port: 3000 🚀
2025-02-18 11:26:57 info: ======= Version: development =======
          🚀 server listening port: 3000 🚀
2025-02-18 11:27:06 info: ======= Version: development =======
          🚀 server listening port: 3000 🚀
2025-02-18 11:27:10 info: ======= Version: development =======
          🚀 server listening port: 3000 🚀
2025-02-18 11:27:14 error: MarginServiceFile.repaySymbol =>  Request failed with status code 400
2025-02-18 11:27:14 error: [GET] /api/margin/risk >> StatusCode:: 505, Message:: Failed to repay symbol
2025-02-18 11:27:14 info: [0mGET /api/margin/risk [31m505[0m 397.769 ms - 34[0m
2025-02-18 11:31:12 info: ======= Version: development =======
          🚀 server listening port: 3000 🚀
2025-02-18 11:31:19 info: [0mGET /api/margin/risk [32m200[0m 387.558 ms - -[0m
2025-02-18 13:09:21 info: ======= Version: development =======
          🚀 server listening port: 3000 🚀
2025-02-18 13:09:24 info: [0mGET /api/margin/risk [32m200[0m 514.216 ms - -[0m
2025-02-18 16:19:44 info: ======= Version: development =======
          🚀 server listening port: 3000 🚀
2025-02-18 16:19:45 info: [0mGET /api/margin/risk [32m200[0m 400.458 ms - -[0m
2025-02-18 16:23:49 info: ======= Version: development =======
          🚀 server listening port: 3000 🚀
2025-02-18 16:23:53 info: [0mGET /api/margin/risk [32m200[0m 375.842 ms - -[0m
2025-02-18 16:34:51 info: ======= Version: development =======
          🚀 server listening port: 3000 🚀
2025-02-18 16:35:03 info: ======= Version: development =======
          🚀 server listening port: 3000 🚀
2025-02-18 16:35:05 error: MarginServiceFile.repaySymbol =>  res.filter is not a function
2025-02-18 16:35:05 error: [GET] /api/margin/risk >> StatusCode:: 505, Message:: Failed to repay symbol
2025-02-18 16:35:05 info: [0mGET /api/margin/risk [31m505[0m 400.440 ms - 34[0m
2025-02-18 16:35:07 error: MarginServiceFile.repaySymbol =>  res.filter is not a function
2025-02-18 16:35:07 error: [GET] /api/margin/risk >> StatusCode:: 505, Message:: Failed to repay symbol
2025-02-18 16:35:07 info: [0mGET /api/margin/risk [31m505[0m 264.004 ms - 34[0m
2025-02-18 16:35:57 info: ======= Version: development =======
          🚀 server listening port: 3000 🚀
2025-02-18 16:35:59 info: [0mGET /api/margin/risk [32m200[0m 383.981 ms - -[0m
2025-02-18 16:36:16 info: ======= Version: development =======
          🚀 server listening port: 3000 🚀
2025-02-18 16:36:19 info: [0mGET /api/margin/risk [32m200[0m 342.003 ms - -[0m
2025-02-18 19:32:25 info: ======= Version: development =======
          🚀 server listening port: 3000 🚀
2025-02-18 19:33:12 info: ======= Version: development =======
          🚀 server listening port: 3000 🚀
2025-02-18 19:33:14 info: [0mGET /api/margin/risk [32m200[0m 396.421 ms - -[0m
2025-02-18 19:33:46 info: ======= Version: development =======
          🚀 server listening port: 3000 🚀
2025-02-18 19:33:48 info: [0mGET /api/margin/risk [32m200[0m 416.944 ms - -[0m
2025-02-18 19:37:08 info: ======= Version: development =======
          🚀 server listening port: 3000 🚀
2025-02-18 19:37:10 info: [0mGET /api/margin/risk [32m200[0m 398.239 ms - -[0m
2025-02-18 19:37:52 info: ======= Version: development =======
          🚀 server listening port: 3000 🚀
2025-02-18 19:37:54 info: [0mGET /api/margin/risk [32m200[0m 346.883 ms - -[0m
2025-02-18 19:39:04 info: ======= Version: development =======
          🚀 server listening port: 3000 🚀
2025-02-18 19:39:05 info: [0mGET /api/margin/risk [32m200[0m 350.971 ms - -[0m
2025-02-18 19:44:59 info: ======= Version: development =======
          🚀 server listening port: 3000 🚀
2025-02-18 19:45:01 info: [0mGET /api/margin/risk [32m200[0m 409.620 ms - -[0m
2025-02-18 19:46:51 info: ======= Version: development =======
          🚀 server listening port: 3000 🚀
2025-02-18 19:46:52 info: [0mGET /api/margin/risk [32m200[0m 366.677 ms - -[0m
