2025-04-10 13:05:43 error: Redis Client Error connect ECONNREFUSED 127.0.0.1:6379
2025-04-10 13:05:43 error: uncaughtException: An error occurred
Error: An error occurred
    at EventEmitter.<anonymous> (C:\Users\alexa\OneDrive\CodeVStudio\backTesting\server\src\libs\redis.ts:24:13)
    at EventEmitter.emit (node:events:519:28)
    at EventEmitter.emit (node:domain:488:12)
    at EventEmitter.silentEmit (C:\Users\alexa\OneDrive\CodeVStudio\backTesting\server\node_modules\ioredis\built\Redis.js:482:30)
    at Socket.<anonymous> (C:\Users\alexa\OneDrive\CodeVStudio\backTesting\server\node_modules\ioredis\built\redis\event_handler.js:196:14)
    at Object.onceWrapper (node:events:634:26)
    at Socket.emit (node:events:531:35)
    at Socket.emit (node:domain:488:12)
    at emitErrorNT (node:internal/streams/destroy:169:8)
    at emitErrorCloseNT (node:internal/streams/destroy:128:3)
2025-04-10 13:05:43 error: Redis Client Error connect ECONNREFUSED 127.0.0.1:6379
2025-04-10 13:05:43 error: uncaughtException: An error occurred
Error: An error occurred
    at EventEmitter.<anonymous> (C:\Users\alexa\OneDrive\CodeVStudio\backTesting\server\src\libs\redis.ts:24:13)
    at EventEmitter.emit (node:events:519:28)
    at EventEmitter.emit (node:domain:488:12)
    at EventEmitter.silentEmit (C:\Users\alexa\OneDrive\CodeVStudio\backTesting\server\node_modules\ioredis\built\Redis.js:482:30)
    at Socket.<anonymous> (C:\Users\alexa\OneDrive\CodeVStudio\backTesting\server\node_modules\ioredis\built\redis\event_handler.js:196:14)
    at Object.onceWrapper (node:events:634:26)
    at Socket.emit (node:events:531:35)
    at Socket.emit (node:domain:488:12)
    at emitErrorNT (node:internal/streams/destroy:169:8)
    at emitErrorCloseNT (node:internal/streams/destroy:128:3)
2025-04-10 13:05:43 error: Redis Client Error connect ECONNREFUSED 127.0.0.1:6379
2025-04-10 13:05:43 error: uncaughtException: An error occurred
Error: An error occurred
    at EventEmitter.<anonymous> (C:\Users\alexa\OneDrive\CodeVStudio\backTesting\server\src\libs\redis.ts:24:13)
    at EventEmitter.emit (node:events:519:28)
    at EventEmitter.emit (node:domain:488:12)
    at EventEmitter.silentEmit (C:\Users\alexa\OneDrive\CodeVStudio\backTesting\server\node_modules\ioredis\built\Redis.js:482:30)
    at Socket.<anonymous> (C:\Users\alexa\OneDrive\CodeVStudio\backTesting\server\node_modules\ioredis\built\redis\event_handler.js:196:14)
    at Object.onceWrapper (node:events:634:26)
    at Socket.emit (node:events:531:35)
    at Socket.emit (node:domain:488:12)
    at emitErrorNT (node:internal/streams/destroy:169:8)
    at emitErrorCloseNT (node:internal/streams/destroy:128:3)
2025-04-10 13:05:43 error: Redis Client Error connect ECONNREFUSED 127.0.0.1:6379
2025-04-10 13:05:43 error: uncaughtException: An error occurred
Error: An error occurred
    at EventEmitter.<anonymous> (C:\Users\alexa\OneDrive\CodeVStudio\backTesting\server\src\libs\redis.ts:24:13)
    at EventEmitter.emit (node:events:519:28)
    at EventEmitter.emit (node:domain:488:12)
    at EventEmitter.silentEmit (C:\Users\alexa\OneDrive\CodeVStudio\backTesting\server\node_modules\ioredis\built\Redis.js:482:30)
    at Socket.<anonymous> (C:\Users\alexa\OneDrive\CodeVStudio\backTesting\server\node_modules\ioredis\built\redis\event_handler.js:196:14)
    at Object.onceWrapper (node:events:634:26)
    at Socket.emit (node:events:531:35)
    at Socket.emit (node:domain:488:12)
    at emitErrorNT (node:internal/streams/destroy:169:8)
    at emitErrorCloseNT (node:internal/streams/destroy:128:3)
2025-04-10 13:05:43 error: Redis Client Error connect ECONNREFUSED 127.0.0.1:6379
2025-04-10 13:05:43 error: uncaughtException: An error occurred
Error: An error occurred
    at EventEmitter.<anonymous> (C:\Users\alexa\OneDrive\CodeVStudio\backTesting\server\src\libs\redis.ts:24:13)
    at EventEmitter.emit (node:events:519:28)
    at EventEmitter.emit (node:domain:488:12)
    at EventEmitter.silentEmit (C:\Users\alexa\OneDrive\CodeVStudio\backTesting\server\node_modules\ioredis\built\Redis.js:482:30)
    at Socket.<anonymous> (C:\Users\alexa\OneDrive\CodeVStudio\backTesting\server\node_modules\ioredis\built\redis\event_handler.js:196:14)
    at Object.onceWrapper (node:events:634:26)
    at Socket.emit (node:events:531:35)
    at Socket.emit (node:domain:488:12)
    at emitErrorNT (node:internal/streams/destroy:169:8)
    at emitErrorCloseNT (node:internal/streams/destroy:128:3)
2025-04-10 13:05:44 error: Redis Client Error connect ECONNREFUSED 127.0.0.1:6379
2025-04-10 13:05:44 error: uncaughtException: An error occurred
Error: An error occurred
    at EventEmitter.<anonymous> (C:\Users\alexa\OneDrive\CodeVStudio\backTesting\server\src\libs\redis.ts:24:13)
    at EventEmitter.emit (node:events:519:28)
    at EventEmitter.emit (node:domain:488:12)
    at EventEmitter.silentEmit (C:\Users\alexa\OneDrive\CodeVStudio\backTesting\server\node_modules\ioredis\built\Redis.js:482:30)
    at Socket.<anonymous> (C:\Users\alexa\OneDrive\CodeVStudio\backTesting\server\node_modules\ioredis\built\redis\event_handler.js:196:14)
    at Object.onceWrapper (node:events:634:26)
    at Socket.emit (node:events:531:35)
    at Socket.emit (node:domain:488:12)
    at emitErrorNT (node:internal/streams/destroy:169:8)
    at emitErrorCloseNT (node:internal/streams/destroy:128:3)
2025-04-10 13:05:44 error: Redis Client Error connect ECONNREFUSED 127.0.0.1:6379
2025-04-10 13:05:44 error: uncaughtException: An error occurred
Error: An error occurred
    at EventEmitter.<anonymous> (C:\Users\alexa\OneDrive\CodeVStudio\backTesting\server\src\libs\redis.ts:24:13)
    at EventEmitter.emit (node:events:519:28)
    at EventEmitter.emit (node:domain:488:12)
    at EventEmitter.silentEmit (C:\Users\alexa\OneDrive\CodeVStudio\backTesting\server\node_modules\ioredis\built\Redis.js:482:30)
    at Socket.<anonymous> (C:\Users\alexa\OneDrive\CodeVStudio\backTesting\server\node_modules\ioredis\built\redis\event_handler.js:196:14)
    at Object.onceWrapper (node:events:634:26)
    at Socket.emit (node:events:531:35)
    at Socket.emit (node:domain:488:12)
    at emitErrorNT (node:internal/streams/destroy:169:8)
    at emitErrorCloseNT (node:internal/streams/destroy:128:3)
2025-04-10 13:05:44 error: Redis Client Error connect ECONNREFUSED 127.0.0.1:6379
2025-04-10 13:05:44 error: uncaughtException: An error occurred
Error: An error occurred
    at EventEmitter.<anonymous> (C:\Users\alexa\OneDrive\CodeVStudio\backTesting\server\src\libs\redis.ts:24:13)
    at EventEmitter.emit (node:events:519:28)
    at EventEmitter.emit (node:domain:488:12)
    at EventEmitter.silentEmit (C:\Users\alexa\OneDrive\CodeVStudio\backTesting\server\node_modules\ioredis\built\Redis.js:482:30)
    at Socket.<anonymous> (C:\Users\alexa\OneDrive\CodeVStudio\backTesting\server\node_modules\ioredis\built\redis\event_handler.js:196:14)
    at Object.onceWrapper (node:events:634:26)
    at Socket.emit (node:events:531:35)
    at Socket.emit (node:domain:488:12)
    at emitErrorNT (node:internal/streams/destroy:169:8)
    at emitErrorCloseNT (node:internal/streams/destroy:128:3)
2025-04-10 13:05:45 error: Redis Client Error connect ECONNREFUSED 127.0.0.1:6379
2025-04-10 13:05:45 error: uncaughtException: An error occurred
Error: An error occurred
    at EventEmitter.<anonymous> (C:\Users\alexa\OneDrive\CodeVStudio\backTesting\server\src\libs\redis.ts:24:13)
    at EventEmitter.emit (node:events:519:28)
    at EventEmitter.emit (node:domain:488:12)
    at EventEmitter.silentEmit (C:\Users\alexa\OneDrive\CodeVStudio\backTesting\server\node_modules\ioredis\built\Redis.js:482:30)
    at Socket.<anonymous> (C:\Users\alexa\OneDrive\CodeVStudio\backTesting\server\node_modules\ioredis\built\redis\event_handler.js:196:14)
    at Object.onceWrapper (node:events:634:26)
    at Socket.emit (node:events:531:35)
    at Socket.emit (node:domain:488:12)
    at emitErrorNT (node:internal/streams/destroy:169:8)
    at emitErrorCloseNT (node:internal/streams/destroy:128:3)
2025-04-10 13:05:45 error: Redis Client Error connect ECONNREFUSED 127.0.0.1:6379
2025-04-10 13:05:45 error: uncaughtException: An error occurred
Error: An error occurred
    at EventEmitter.<anonymous> (C:\Users\alexa\OneDrive\CodeVStudio\backTesting\server\src\libs\redis.ts:24:13)
    at EventEmitter.emit (node:events:519:28)
    at EventEmitter.emit (node:domain:488:12)
    at EventEmitter.silentEmit (C:\Users\alexa\OneDrive\CodeVStudio\backTesting\server\node_modules\ioredis\built\Redis.js:482:30)
    at Socket.<anonymous> (C:\Users\alexa\OneDrive\CodeVStudio\backTesting\server\node_modules\ioredis\built\redis\event_handler.js:196:14)
    at Object.onceWrapper (node:events:634:26)
    at Socket.emit (node:events:531:35)
    at Socket.emit (node:domain:488:12)
    at emitErrorNT (node:internal/streams/destroy:169:8)
    at emitErrorCloseNT (node:internal/streams/destroy:128:3)
2025-04-10 13:05:46 error: Redis Client Error connect ECONNREFUSED 127.0.0.1:6379
2025-04-10 13:05:46 error: uncaughtException: An error occurred
Error: An error occurred
    at EventEmitter.<anonymous> (C:\Users\alexa\OneDrive\CodeVStudio\backTesting\server\src\libs\redis.ts:24:13)
    at EventEmitter.emit (node:events:519:28)
    at EventEmitter.emit (node:domain:488:12)
    at EventEmitter.silentEmit (C:\Users\alexa\OneDrive\CodeVStudio\backTesting\server\node_modules\ioredis\built\Redis.js:482:30)
    at Socket.<anonymous> (C:\Users\alexa\OneDrive\CodeVStudio\backTesting\server\node_modules\ioredis\built\redis\event_handler.js:196:14)
    at Object.onceWrapper (node:events:634:26)
    at Socket.emit (node:events:531:35)
    at Socket.emit (node:domain:488:12)
    at emitErrorNT (node:internal/streams/destroy:169:8)
    at emitErrorCloseNT (node:internal/streams/destroy:128:3)
2025-04-10 13:59:38 error: Redis Client Error connect ECONNREFUSED 127.0.0.1:6379
2025-04-10 13:59:38 error: uncaughtException: An error occurred
Error: An error occurred
    at EventEmitter.<anonymous> (C:\Users\alexa\OneDrive\CodeVStudio\backTesting\server\src\libs\redis.ts:24:13)
    at EventEmitter.emit (node:events:519:28)
    at EventEmitter.emit (node:domain:488:12)
    at EventEmitter.silentEmit (C:\Users\alexa\OneDrive\CodeVStudio\backTesting\server\node_modules\ioredis\built\Redis.js:482:30)
    at Socket.<anonymous> (C:\Users\alexa\OneDrive\CodeVStudio\backTesting\server\node_modules\ioredis\built\redis\event_handler.js:196:14)
    at Object.onceWrapper (node:events:634:26)
    at Socket.emit (node:events:531:35)
    at Socket.emit (node:domain:488:12)
    at emitErrorNT (node:internal/streams/destroy:169:8)
    at emitErrorCloseNT (node:internal/streams/destroy:128:3)
2025-04-10 13:59:38 error: Redis Client Error connect ECONNREFUSED 127.0.0.1:6379
2025-04-10 13:59:38 error: uncaughtException: An error occurred
Error: An error occurred
    at EventEmitter.<anonymous> (C:\Users\alexa\OneDrive\CodeVStudio\backTesting\server\src\libs\redis.ts:24:13)
    at EventEmitter.emit (node:events:519:28)
    at EventEmitter.emit (node:domain:488:12)
    at EventEmitter.silentEmit (C:\Users\alexa\OneDrive\CodeVStudio\backTesting\server\node_modules\ioredis\built\Redis.js:482:30)
    at Socket.<anonymous> (C:\Users\alexa\OneDrive\CodeVStudio\backTesting\server\node_modules\ioredis\built\redis\event_handler.js:196:14)
    at Object.onceWrapper (node:events:634:26)
    at Socket.emit (node:events:531:35)
    at Socket.emit (node:domain:488:12)
    at emitErrorNT (node:internal/streams/destroy:169:8)
    at emitErrorCloseNT (node:internal/streams/destroy:128:3)
2025-04-10 13:59:38 error: Redis Client Error connect ECONNREFUSED 127.0.0.1:6379
2025-04-10 13:59:38 error: uncaughtException: An error occurred
Error: An error occurred
    at EventEmitter.<anonymous> (C:\Users\alexa\OneDrive\CodeVStudio\backTesting\server\src\libs\redis.ts:24:13)
    at EventEmitter.emit (node:events:519:28)
    at EventEmitter.emit (node:domain:488:12)
    at EventEmitter.silentEmit (C:\Users\alexa\OneDrive\CodeVStudio\backTesting\server\node_modules\ioredis\built\Redis.js:482:30)
    at Socket.<anonymous> (C:\Users\alexa\OneDrive\CodeVStudio\backTesting\server\node_modules\ioredis\built\redis\event_handler.js:196:14)
    at Object.onceWrapper (node:events:634:26)
    at Socket.emit (node:events:531:35)
    at Socket.emit (node:domain:488:12)
    at emitErrorNT (node:internal/streams/destroy:169:8)
    at emitErrorCloseNT (node:internal/streams/destroy:128:3)
2025-04-10 13:59:38 error: Redis Client Error connect ECONNREFUSED 127.0.0.1:6379
2025-04-10 13:59:38 error: uncaughtException: An error occurred
Error: An error occurred
    at EventEmitter.<anonymous> (C:\Users\alexa\OneDrive\CodeVStudio\backTesting\server\src\libs\redis.ts:24:13)
    at EventEmitter.emit (node:events:519:28)
    at EventEmitter.emit (node:domain:488:12)
    at EventEmitter.silentEmit (C:\Users\alexa\OneDrive\CodeVStudio\backTesting\server\node_modules\ioredis\built\Redis.js:482:30)
    at Socket.<anonymous> (C:\Users\alexa\OneDrive\CodeVStudio\backTesting\server\node_modules\ioredis\built\redis\event_handler.js:196:14)
    at Object.onceWrapper (node:events:634:26)
    at Socket.emit (node:events:531:35)
    at Socket.emit (node:domain:488:12)
    at emitErrorNT (node:internal/streams/destroy:169:8)
    at emitErrorCloseNT (node:internal/streams/destroy:128:3)
2025-04-10 13:59:39 error: Redis Client Error connect ECONNREFUSED 127.0.0.1:6379
2025-04-10 13:59:39 error: uncaughtException: An error occurred
Error: An error occurred
    at EventEmitter.<anonymous> (C:\Users\alexa\OneDrive\CodeVStudio\backTesting\server\src\libs\redis.ts:24:13)
    at EventEmitter.emit (node:events:519:28)
    at EventEmitter.emit (node:domain:488:12)
    at EventEmitter.silentEmit (C:\Users\alexa\OneDrive\CodeVStudio\backTesting\server\node_modules\ioredis\built\Redis.js:482:30)
    at Socket.<anonymous> (C:\Users\alexa\OneDrive\CodeVStudio\backTesting\server\node_modules\ioredis\built\redis\event_handler.js:196:14)
    at Object.onceWrapper (node:events:634:26)
    at Socket.emit (node:events:531:35)
    at Socket.emit (node:domain:488:12)
    at emitErrorNT (node:internal/streams/destroy:169:8)
    at emitErrorCloseNT (node:internal/streams/destroy:128:3)
2025-04-10 13:59:39 error: Redis Client Error connect ECONNREFUSED 127.0.0.1:6379
2025-04-10 13:59:39 error: uncaughtException: An error occurred
Error: An error occurred
    at EventEmitter.<anonymous> (C:\Users\alexa\OneDrive\CodeVStudio\backTesting\server\src\libs\redis.ts:24:13)
    at EventEmitter.emit (node:events:519:28)
    at EventEmitter.emit (node:domain:488:12)
    at EventEmitter.silentEmit (C:\Users\alexa\OneDrive\CodeVStudio\backTesting\server\node_modules\ioredis\built\Redis.js:482:30)
    at Socket.<anonymous> (C:\Users\alexa\OneDrive\CodeVStudio\backTesting\server\node_modules\ioredis\built\redis\event_handler.js:196:14)
    at Object.onceWrapper (node:events:634:26)
    at Socket.emit (node:events:531:35)
    at Socket.emit (node:domain:488:12)
    at emitErrorNT (node:internal/streams/destroy:169:8)
    at emitErrorCloseNT (node:internal/streams/destroy:128:3)
2025-04-10 13:59:39 error: Redis Client Error connect ECONNREFUSED 127.0.0.1:6379
2025-04-10 13:59:39 error: uncaughtException: An error occurred
Error: An error occurred
    at EventEmitter.<anonymous> (C:\Users\alexa\OneDrive\CodeVStudio\backTesting\server\src\libs\redis.ts:24:13)
    at EventEmitter.emit (node:events:519:28)
    at EventEmitter.emit (node:domain:488:12)
    at EventEmitter.silentEmit (C:\Users\alexa\OneDrive\CodeVStudio\backTesting\server\node_modules\ioredis\built\Redis.js:482:30)
    at Socket.<anonymous> (C:\Users\alexa\OneDrive\CodeVStudio\backTesting\server\node_modules\ioredis\built\redis\event_handler.js:196:14)
    at Object.onceWrapper (node:events:634:26)
    at Socket.emit (node:events:531:35)
    at Socket.emit (node:domain:488:12)
    at emitErrorNT (node:internal/streams/destroy:169:8)
    at emitErrorCloseNT (node:internal/streams/destroy:128:3)
2025-04-10 13:59:40 error: Redis Client Error connect ECONNREFUSED 127.0.0.1:6379
2025-04-10 13:59:40 error: uncaughtException: An error occurred
Error: An error occurred
    at EventEmitter.<anonymous> (C:\Users\alexa\OneDrive\CodeVStudio\backTesting\server\src\libs\redis.ts:24:13)
    at EventEmitter.emit (node:events:519:28)
    at EventEmitter.emit (node:domain:488:12)
    at EventEmitter.silentEmit (C:\Users\alexa\OneDrive\CodeVStudio\backTesting\server\node_modules\ioredis\built\Redis.js:482:30)
    at Socket.<anonymous> (C:\Users\alexa\OneDrive\CodeVStudio\backTesting\server\node_modules\ioredis\built\redis\event_handler.js:196:14)
    at Object.onceWrapper (node:events:634:26)
    at Socket.emit (node:events:531:35)
    at Socket.emit (node:domain:488:12)
    at emitErrorNT (node:internal/streams/destroy:169:8)
    at emitErrorCloseNT (node:internal/streams/destroy:128:3)
2025-04-10 13:59:40 error: Redis Client Error connect ECONNREFUSED 127.0.0.1:6379
2025-04-10 13:59:40 error: uncaughtException: An error occurred
Error: An error occurred
    at EventEmitter.<anonymous> (C:\Users\alexa\OneDrive\CodeVStudio\backTesting\server\src\libs\redis.ts:24:13)
    at EventEmitter.emit (node:events:519:28)
    at EventEmitter.emit (node:domain:488:12)
    at EventEmitter.silentEmit (C:\Users\alexa\OneDrive\CodeVStudio\backTesting\server\node_modules\ioredis\built\Redis.js:482:30)
    at Socket.<anonymous> (C:\Users\alexa\OneDrive\CodeVStudio\backTesting\server\node_modules\ioredis\built\redis\event_handler.js:196:14)
    at Object.onceWrapper (node:events:634:26)
    at Socket.emit (node:events:531:35)
    at Socket.emit (node:domain:488:12)
    at emitErrorNT (node:internal/streams/destroy:169:8)
    at emitErrorCloseNT (node:internal/streams/destroy:128:3)
2025-04-10 13:59:40 error: Redis Client Error connect ECONNREFUSED 127.0.0.1:6379
2025-04-10 13:59:40 error: uncaughtException: An error occurred
Error: An error occurred
    at EventEmitter.<anonymous> (C:\Users\alexa\OneDrive\CodeVStudio\backTesting\server\src\libs\redis.ts:24:13)
    at EventEmitter.emit (node:events:519:28)
    at EventEmitter.emit (node:domain:488:12)
    at EventEmitter.silentEmit (C:\Users\alexa\OneDrive\CodeVStudio\backTesting\server\node_modules\ioredis\built\Redis.js:482:30)
    at Socket.<anonymous> (C:\Users\alexa\OneDrive\CodeVStudio\backTesting\server\node_modules\ioredis\built\redis\event_handler.js:196:14)
    at Object.onceWrapper (node:events:634:26)
    at Socket.emit (node:events:531:35)
    at Socket.emit (node:domain:488:12)
    at emitErrorNT (node:internal/streams/destroy:169:8)
    at emitErrorCloseNT (node:internal/streams/destroy:128:3)
2025-04-10 13:59:41 error: Redis Client Error connect ECONNREFUSED 127.0.0.1:6379
2025-04-10 13:59:41 error: uncaughtException: An error occurred
Error: An error occurred
    at EventEmitter.<anonymous> (C:\Users\alexa\OneDrive\CodeVStudio\backTesting\server\src\libs\redis.ts:24:13)
    at EventEmitter.emit (node:events:519:28)
    at EventEmitter.emit (node:domain:488:12)
    at EventEmitter.silentEmit (C:\Users\alexa\OneDrive\CodeVStudio\backTesting\server\node_modules\ioredis\built\Redis.js:482:30)
    at Socket.<anonymous> (C:\Users\alexa\OneDrive\CodeVStudio\backTesting\server\node_modules\ioredis\built\redis\event_handler.js:196:14)
    at Object.onceWrapper (node:events:634:26)
    at Socket.emit (node:events:531:35)
    at Socket.emit (node:domain:488:12)
    at emitErrorNT (node:internal/streams/destroy:169:8)
    at emitErrorCloseNT (node:internal/streams/destroy:128:3)
2025-04-10 14:05:42 error: Redis Client Error connect ECONNREFUSED 127.0.0.1:6379
2025-04-10 14:05:42 error: uncaughtException: An error occurred
Error: An error occurred
    at EventEmitter.<anonymous> (C:\Users\alexa\OneDrive\CodeVStudio\backTesting\server\src\libs\redis.ts:24:13)
    at EventEmitter.emit (node:events:519:28)
    at EventEmitter.emit (node:domain:488:12)
    at EventEmitter.silentEmit (C:\Users\alexa\OneDrive\CodeVStudio\backTesting\server\node_modules\ioredis\built\Redis.js:482:30)
    at Socket.<anonymous> (C:\Users\alexa\OneDrive\CodeVStudio\backTesting\server\node_modules\ioredis\built\redis\event_handler.js:196:14)
    at Object.onceWrapper (node:events:634:26)
    at Socket.emit (node:events:531:35)
    at Socket.emit (node:domain:488:12)
    at emitErrorNT (node:internal/streams/destroy:169:8)
    at emitErrorCloseNT (node:internal/streams/destroy:128:3)
2025-04-10 14:05:42 error: Redis Client Error connect ECONNREFUSED 127.0.0.1:6379
2025-04-10 14:05:42 error: uncaughtException: An error occurred
Error: An error occurred
    at EventEmitter.<anonymous> (C:\Users\alexa\OneDrive\CodeVStudio\backTesting\server\src\libs\redis.ts:24:13)
    at EventEmitter.emit (node:events:519:28)
    at EventEmitter.emit (node:domain:488:12)
    at EventEmitter.silentEmit (C:\Users\alexa\OneDrive\CodeVStudio\backTesting\server\node_modules\ioredis\built\Redis.js:482:30)
    at Socket.<anonymous> (C:\Users\alexa\OneDrive\CodeVStudio\backTesting\server\node_modules\ioredis\built\redis\event_handler.js:196:14)
    at Object.onceWrapper (node:events:634:26)
    at Socket.emit (node:events:531:35)
    at Socket.emit (node:domain:488:12)
    at emitErrorNT (node:internal/streams/destroy:169:8)
    at emitErrorCloseNT (node:internal/streams/destroy:128:3)
2025-04-10 14:05:42 error: Redis Client Error connect ECONNREFUSED 127.0.0.1:6379
2025-04-10 14:05:42 error: uncaughtException: An error occurred
Error: An error occurred
    at EventEmitter.<anonymous> (C:\Users\alexa\OneDrive\CodeVStudio\backTesting\server\src\libs\redis.ts:24:13)
    at EventEmitter.emit (node:events:519:28)
    at EventEmitter.emit (node:domain:488:12)
    at EventEmitter.silentEmit (C:\Users\alexa\OneDrive\CodeVStudio\backTesting\server\node_modules\ioredis\built\Redis.js:482:30)
    at Socket.<anonymous> (C:\Users\alexa\OneDrive\CodeVStudio\backTesting\server\node_modules\ioredis\built\redis\event_handler.js:196:14)
    at Object.onceWrapper (node:events:634:26)
    at Socket.emit (node:events:531:35)
    at Socket.emit (node:domain:488:12)
    at emitErrorNT (node:internal/streams/destroy:169:8)
    at emitErrorCloseNT (node:internal/streams/destroy:128:3)
2025-04-10 14:05:42 error: Redis Client Error connect ECONNREFUSED 127.0.0.1:6379
2025-04-10 14:05:42 error: uncaughtException: An error occurred
Error: An error occurred
    at EventEmitter.<anonymous> (C:\Users\alexa\OneDrive\CodeVStudio\backTesting\server\src\libs\redis.ts:24:13)
    at EventEmitter.emit (node:events:519:28)
    at EventEmitter.emit (node:domain:488:12)
    at EventEmitter.silentEmit (C:\Users\alexa\OneDrive\CodeVStudio\backTesting\server\node_modules\ioredis\built\Redis.js:482:30)
    at Socket.<anonymous> (C:\Users\alexa\OneDrive\CodeVStudio\backTesting\server\node_modules\ioredis\built\redis\event_handler.js:196:14)
    at Object.onceWrapper (node:events:634:26)
    at Socket.emit (node:events:531:35)
    at Socket.emit (node:domain:488:12)
    at emitErrorNT (node:internal/streams/destroy:169:8)
    at emitErrorCloseNT (node:internal/streams/destroy:128:3)
2025-04-10 14:05:42 error: Redis Client Error connect ECONNREFUSED 127.0.0.1:6379
2025-04-10 14:05:42 error: uncaughtException: An error occurred
Error: An error occurred
    at EventEmitter.<anonymous> (C:\Users\alexa\OneDrive\CodeVStudio\backTesting\server\src\libs\redis.ts:24:13)
    at EventEmitter.emit (node:events:519:28)
    at EventEmitter.emit (node:domain:488:12)
    at EventEmitter.silentEmit (C:\Users\alexa\OneDrive\CodeVStudio\backTesting\server\node_modules\ioredis\built\Redis.js:482:30)
    at Socket.<anonymous> (C:\Users\alexa\OneDrive\CodeVStudio\backTesting\server\node_modules\ioredis\built\redis\event_handler.js:196:14)
    at Object.onceWrapper (node:events:634:26)
    at Socket.emit (node:events:531:35)
    at Socket.emit (node:domain:488:12)
    at emitErrorNT (node:internal/streams/destroy:169:8)
    at emitErrorCloseNT (node:internal/streams/destroy:128:3)
2025-04-10 14:05:42 error: Redis Client Error connect ECONNREFUSED 127.0.0.1:6379
2025-04-10 14:05:42 error: uncaughtException: An error occurred
Error: An error occurred
    at EventEmitter.<anonymous> (C:\Users\alexa\OneDrive\CodeVStudio\backTesting\server\src\libs\redis.ts:24:13)
    at EventEmitter.emit (node:events:519:28)
    at EventEmitter.emit (node:domain:488:12)
    at EventEmitter.silentEmit (C:\Users\alexa\OneDrive\CodeVStudio\backTesting\server\node_modules\ioredis\built\Redis.js:482:30)
    at Socket.<anonymous> (C:\Users\alexa\OneDrive\CodeVStudio\backTesting\server\node_modules\ioredis\built\redis\event_handler.js:196:14)
    at Object.onceWrapper (node:events:634:26)
    at Socket.emit (node:events:531:35)
    at Socket.emit (node:domain:488:12)
    at emitErrorNT (node:internal/streams/destroy:169:8)
    at emitErrorCloseNT (node:internal/streams/destroy:128:3)
2025-04-10 14:05:43 error: Redis Client Error connect ECONNREFUSED 127.0.0.1:6379
2025-04-10 14:05:43 error: uncaughtException: An error occurred
Error: An error occurred
    at EventEmitter.<anonymous> (C:\Users\alexa\OneDrive\CodeVStudio\backTesting\server\src\libs\redis.ts:24:13)
    at EventEmitter.emit (node:events:519:28)
    at EventEmitter.emit (node:domain:488:12)
    at EventEmitter.silentEmit (C:\Users\alexa\OneDrive\CodeVStudio\backTesting\server\node_modules\ioredis\built\Redis.js:482:30)
    at Socket.<anonymous> (C:\Users\alexa\OneDrive\CodeVStudio\backTesting\server\node_modules\ioredis\built\redis\event_handler.js:196:14)
    at Object.onceWrapper (node:events:634:26)
    at Socket.emit (node:events:531:35)
    at Socket.emit (node:domain:488:12)
    at emitErrorNT (node:internal/streams/destroy:169:8)
    at emitErrorCloseNT (node:internal/streams/destroy:128:3)
2025-04-10 14:05:43 error: Redis Client Error connect ECONNREFUSED 127.0.0.1:6379
2025-04-10 14:05:43 error: uncaughtException: An error occurred
Error: An error occurred
    at EventEmitter.<anonymous> (C:\Users\alexa\OneDrive\CodeVStudio\backTesting\server\src\libs\redis.ts:24:13)
    at EventEmitter.emit (node:events:519:28)
    at EventEmitter.emit (node:domain:488:12)
    at EventEmitter.silentEmit (C:\Users\alexa\OneDrive\CodeVStudio\backTesting\server\node_modules\ioredis\built\Redis.js:482:30)
    at Socket.<anonymous> (C:\Users\alexa\OneDrive\CodeVStudio\backTesting\server\node_modules\ioredis\built\redis\event_handler.js:196:14)
    at Object.onceWrapper (node:events:634:26)
    at Socket.emit (node:events:531:35)
    at Socket.emit (node:domain:488:12)
    at emitErrorNT (node:internal/streams/destroy:169:8)
    at emitErrorCloseNT (node:internal/streams/destroy:128:3)
2025-04-10 14:05:43 error: Redis Client Error connect ECONNREFUSED 127.0.0.1:6379
2025-04-10 14:05:43 error: uncaughtException: An error occurred
Error: An error occurred
    at EventEmitter.<anonymous> (C:\Users\alexa\OneDrive\CodeVStudio\backTesting\server\src\libs\redis.ts:24:13)
    at EventEmitter.emit (node:events:519:28)
    at EventEmitter.emit (node:domain:488:12)
    at EventEmitter.silentEmit (C:\Users\alexa\OneDrive\CodeVStudio\backTesting\server\node_modules\ioredis\built\Redis.js:482:30)
    at Socket.<anonymous> (C:\Users\alexa\OneDrive\CodeVStudio\backTesting\server\node_modules\ioredis\built\redis\event_handler.js:196:14)
    at Object.onceWrapper (node:events:634:26)
    at Socket.emit (node:events:531:35)
    at Socket.emit (node:domain:488:12)
    at emitErrorNT (node:internal/streams/destroy:169:8)
    at emitErrorCloseNT (node:internal/streams/destroy:128:3)
2025-04-10 14:05:44 error: Redis Client Error connect ECONNREFUSED 127.0.0.1:6379
2025-04-10 14:05:44 error: uncaughtException: An error occurred
Error: An error occurred
    at EventEmitter.<anonymous> (C:\Users\alexa\OneDrive\CodeVStudio\backTesting\server\src\libs\redis.ts:24:13)
    at EventEmitter.emit (node:events:519:28)
    at EventEmitter.emit (node:domain:488:12)
    at EventEmitter.silentEmit (C:\Users\alexa\OneDrive\CodeVStudio\backTesting\server\node_modules\ioredis\built\Redis.js:482:30)
    at Socket.<anonymous> (C:\Users\alexa\OneDrive\CodeVStudio\backTesting\server\node_modules\ioredis\built\redis\event_handler.js:196:14)
    at Object.onceWrapper (node:events:634:26)
    at Socket.emit (node:events:531:35)
    at Socket.emit (node:domain:488:12)
    at emitErrorNT (node:internal/streams/destroy:169:8)
    at emitErrorCloseNT (node:internal/streams/destroy:128:3)
2025-04-10 14:05:44 error: Redis Client Error connect ECONNREFUSED 127.0.0.1:6379
2025-04-10 14:05:44 error: uncaughtException: An error occurred
Error: An error occurred
    at EventEmitter.<anonymous> (C:\Users\alexa\OneDrive\CodeVStudio\backTesting\server\src\libs\redis.ts:24:13)
    at EventEmitter.emit (node:events:519:28)
    at EventEmitter.emit (node:domain:488:12)
    at EventEmitter.silentEmit (C:\Users\alexa\OneDrive\CodeVStudio\backTesting\server\node_modules\ioredis\built\Redis.js:482:30)
    at Socket.<anonymous> (C:\Users\alexa\OneDrive\CodeVStudio\backTesting\server\node_modules\ioredis\built\redis\event_handler.js:196:14)
    at Object.onceWrapper (node:events:634:26)
    at Socket.emit (node:events:531:35)
    at Socket.emit (node:domain:488:12)
    at emitErrorNT (node:internal/streams/destroy:169:8)
    at emitErrorCloseNT (node:internal/streams/destroy:128:3)
