2025-05-31 00:27:15 error: uncaughtException: ENOENT: no such file or directory, open 'C:\Users\alexa\CodeVStudio\chessGame\keys\private.pem'
Error: ENOENT: no such file or directory, open 'C:\Users\alexa\CodeVStudio\chessGame\keys\private.pem'
    at readFileSync (node:fs:448:20)
    at getPrivateKey (C:\Users\alexa\CodeVStudio\chessGame\server\src\utils\privateKey.ts:15:27)
    at Object.<anonymous> (C:\Users\alexa\CodeVStudio\chessGame\server\src\middlewares\verifySignature.ts:8:34)
    at Module._compile (node:internal/modules/cjs/loader:1358:14)
    at Module.m._compile (C:\Users\alexa\CodeVStudio\chessGame\node_modules\.pnpm\ts-node@10.9.2_@types+node@22.15.21_typescript@5.8.3\node_modules\ts-node\src\index.ts:1618:23)
    at Module._extensions..js (node:internal/modules/cjs/loader:1416:10)
    at Object.require.extensions.<computed> [as .ts] (C:\Users\alexa\CodeVStudio\chessGame\node_modules\.pnpm\ts-node@10.9.2_@types+node@22.15.21_typescript@5.8.3\node_modules\ts-node\src\index.ts:1621:12)
    at Module.load (node:internal/modules/cjs/loader:1208:32)
    at Function.Module._load (node:internal/modules/cjs/loader:1024:12)
    at Module.require (node:internal/modules/cjs/loader:1233:19)
2025-05-31 00:28:00 error: uncaughtException: ENOENT: no such file or directory, open 'C:\Users\alexa\CodeVStudio\chessGame\server\keys\private.pem'
Error: ENOENT: no such file or directory, open 'C:\Users\alexa\CodeVStudio\chessGame\server\keys\private.pem'
    at readFileSync (node:fs:448:20)
    at getPrivateKey (C:\Users\alexa\CodeVStudio\chessGame\server\src\utils\privateKey.ts:15:27)
    at Object.<anonymous> (C:\Users\alexa\CodeVStudio\chessGame\server\src\middlewares\verifySignature.ts:8:34)
    at Module._compile (node:internal/modules/cjs/loader:1358:14)
    at Module.m._compile (C:\Users\alexa\CodeVStudio\chessGame\node_modules\.pnpm\ts-node@10.9.2_@types+node@22.15.21_typescript@5.8.3\node_modules\ts-node\src\index.ts:1618:23)
    at Module._extensions..js (node:internal/modules/cjs/loader:1416:10)
    at Object.require.extensions.<computed> [as .ts] (C:\Users\alexa\CodeVStudio\chessGame\node_modules\.pnpm\ts-node@10.9.2_@types+node@22.15.21_typescript@5.8.3\node_modules\ts-node\src\index.ts:1621:12)
    at Module.load (node:internal/modules/cjs/loader:1208:32)
    at Function.Module._load (node:internal/modules/cjs/loader:1024:12)
    at Module.require (node:internal/modules/cjs/loader:1233:19)
