2025-06-09 00:30:11 error: uncaughtException: passport is not defined
ReferenceError: passport is not defined
    at App.initializeMiddlewares (C:\Users\alexa\CodeVStudio\chessGame\server\src\server\app.ts:108:18)
    at App.initialize (C:\Users\alexa\CodeVStudio\chessGame\server\src\server\app.ts:59:10)
    at start (C:\Users\alexa\CodeVStudio\chessGame\server\src\server\index.ts:4:13)
    at Object.<anonymous> (C:\Users\alexa\CodeVStudio\chessGame\server\src\server\index.ts:7:1)
    at Module._compile (node:internal/modules/cjs/loader:1358:14)
    at Module.m._compile (C:\Users\alexa\CodeVStudio\chessGame\node_modules\.pnpm\ts-node@10.9.2_@swc+core@1._aa2170ea154de2f44cc6051b714e978d\node_modules\ts-node\src\index.ts:1618:23)
    at Module._extensions..js (node:internal/modules/cjs/loader:1416:10)
    at Object.require.extensions.<computed> [as .ts] (C:\Users\alexa\CodeVStudio\chessGame\node_modules\.pnpm\ts-node@10.9.2_@swc+core@1._aa2170ea154de2f44cc6051b714e978d\node_modules\ts-node\src\index.ts:1621:12)
    at Module.load (node:internal/modules/cjs/loader:1208:32)
    at Function.Module._load (node:internal/modules/cjs/loader:1024:12)
2025-06-09 00:38:57 error: uncaughtException: Cannot find module '@/config/passport'
Require stack:
- C:\Users\alexa\CodeVStudio\chessGame\server\src\server\app.ts
- C:\Users\alexa\CodeVStudio\chessGame\server\src\server\index.ts
Error: Cannot find module '@/config/passport'
Require stack:
- C:\Users\alexa\CodeVStudio\chessGame\server\src\server\app.ts
- C:\Users\alexa\CodeVStudio\chessGame\server\src\server\index.ts
    at Function.Module._resolveFilename (node:internal/modules/cjs/loader:1145:15)
    at Function.Module._resolveFilename.sharedData.moduleResolveFilenameHook.installedValue (C:\Users\alexa\CodeVStudio\chessGame\node_modules\.pnpm\@cspotcode+source-map-support@0.8.1\node_modules\@cspotcode\source-map-support\source-map-support.js:811:30)
    at Function.Module._resolveFilename (C:\Users\alexa\CodeVStudio\chessGame\node_modules\.pnpm\tsconfig-paths@4.2.0\node_modules\tsconfig-paths\src\register.ts:115:36)
    at Function.Module._load (node:internal/modules/cjs/loader:986:27)
    at Module.require (node:internal/modules/cjs/loader:1233:19)
    at require (node:internal/modules/helpers:179:18)
    at Object.<anonymous> (C:\Users\alexa\CodeVStudio\chessGame\server\src\server\app.ts:28:1)
    at Module._compile (node:internal/modules/cjs/loader:1358:14)
    at Module.m._compile (C:\Users\alexa\CodeVStudio\chessGame\node_modules\.pnpm\ts-node@10.9.2_@swc+core@1._aa2170ea154de2f44cc6051b714e978d\node_modules\ts-node\src\index.ts:1618:23)
    at Module._extensions..js (node:internal/modules/cjs/loader:1416:10)
